[5468412 ## mn063: 9551 ## Mon Sep 26 12:29:36 2016]  cnodenum= 1, job-resource-list: 30335
[5468412 ## mn063: 9551 ## Mon Sep 26 12:29:36 2016]  mnodenum= 1, mnodelist: mn[123]
[5468412 ## vn030335: 4293 ## Mon Sep 26 12:27:55 2016]  job's first task will run: /bin/sw3run -b 1 -K 1024 -s 6000 -m 1 -j 5468412 -F 0xFFFFFFFFFFFFFFFF -i ./example_asm 
B=128, Ni=128, No=256, Ri=10, Ci=10, Ro=8, Co=8, K=3
Costride is 5
ldm comsumption is 57344
Finish conv_p_simd_rc on accelerator. Time: 0.020733000s FLOPS:233.05060 GFLOPS
Begin conv on cpu. 
Finish conv on cpu. Time: 5.030782000s FLOPS:0.96045 GFLOPS
2 #### check GEMM Cversion VS Correct Cversion.
sum1 591939293.606413 sum2 591939293.606413
[5468412 ## mn063: 9551 ## Mon Sep 26 12:29:47 2016]  job_finished. use-time: 11.190993 (secs)
[5468415 ## mn066: 27975 ## Mon Sep 26 12:32:33 2016]  cnodenum= 1, job-resource-list: 30335
[5468415 ## mn066: 27975 ## Mon Sep 26 12:32:33 2016]  mnodenum= 1, mnodelist: mn[99]
[5468415 ## vn030335: 4301 ## Mon Sep 26 12:30:53 2016]  job's first task will run: /bin/sw3run -b 1 -K 1024 -s 6000 -m 1 -j 5468415 -F 0xFFFFFFFFFFFFFFFF -i ./example_asm 
B=128, Ni=128, No=384, Ri=10, Ci=10, Ro=8, Co=8, K=3
Init Data
Costride is 0
example_asm: test.c:128: main: Assertion `Costride > 0' failed.
[5468415 ## Mon Sep 26 12:32:34 2016] warning: cg [30335]: user's mpe task: tid= 0, pid= 4301, terminated by sig 6
[5468415 ## mn066: 27975 ## Mon Sep 26 12:32:40 2016]  job_finished. use-time: 6.283639 (secs)
[5468416 ## mn067: 30281 ## Mon Sep 26 12:33:57 2016]  cnodenum= 1, job-resource-list: 30336
[5468416 ## mn067: 30281 ## Mon Sep 26 12:33:57 2016]  mnodenum= 1, mnodelist: mn[102]
[5468416 ## vn030336: 4500 ## Mon Sep 26 12:32:09 2016]  job's first task will run: /bin/sw3run -b 1 -K 1024 -s 6000 -m 1 -j 5468416 -F 0xFFFFFFFFFFFFFFFF -i ./example_asm 
B=128, Ni=128, No=320, Ri=10, Ci=10, Ro=8, Co=8, K=3
Init Data
Costride is 2
ldm comsumption is 55296
Begin ASM on accelerator.
Finish conv_p_simd_rc on accelerator. Time: 0.027156000s FLOPS:222.41117 GFLOPS
Begin conv on cpu. 
Finish conv on cpu. Time: 6.276907000s FLOPS:0.96223 GFLOPS
2 #### check GEMM Cversion VS Correct Cversion.
sum1 739902291.487398 sum2 739902291.487398
[5468416 ## mn067: 30281 ## Mon Sep 26 12:34:09 2016]  job_finished. use-time: 11.224985 (secs)
[5476479 ## mn141: 3937 ## Tue Sep 27 13:40:41 2016]  cnodenum= 1, job-resource-list: 941
[5476479 ## mn141: 3937 ## Tue Sep 27 13:40:41 2016]  mnodenum= 1, mnodelist: mn[272]
[5476479 ## vn000941: 2213 ## Tue Sep 27 13:40:41 2016]  job's first task will run: /bin/sw3run -b 1 -K 1024 -s 6000 -m 1 -j 5476479 -F 0xFFFFFFFFFFFFFFFF -i ./example_asm 
B=128, Ni=128, No=320, Ri=10, Ci=10, Ro=8, Co=8, K=3
Init Data
Costride is 2
ldm comsumption is 55296
Begin ASM on accelerator.
Finish conv_p_simd_rc on accelerator. Time: 0.021457000s FLOPS:281.48379 GFLOPS
Begin conv on cpu. 
Finish conv on cpu. Time: 6.361419000s FLOPS:0.94944 GFLOPS
2 #### check GEMM Cversion VS Correct Cversion.
sum1 739902291.487398 sum2 739902291.487398
[5476479 ## mn141: 3937 ## Tue Sep 27 13:40:52 2016]  job_finished. use-time: 11.249056 (secs)
[5476506 ## mn155: 6289 ## Tue Sep 27 13:41:36 2016]  cnodenum= 1, job-resource-list: 941
[5476506 ## mn155: 6289 ## Tue Sep 27 13:41:36 2016]  mnodenum= 1, mnodelist: mn[260]
[5476506 ## vn000941: 2220 ## Tue Sep 27 13:41:36 2016]  job's first task will run: /bin/sw3run -b 1 -K 1024 -s 6000 -m 1 -j 5476506 -F 0xFFFFFFFFFFFFFFFF -i ./example_asm 
B=128, Ni=128, No=128, Ri=10, Ci=10, Ro=8, Co=8, K=3
Init Data
Costride is 18
ldm comsumption is 57344
Begin ASM on accelerator.
Finish conv_p_simd_rc on accelerator. Time: 0.006861000s FLOPS:352.12346 GFLOPS
Begin conv on cpu. 
Finish conv on cpu. Time: 2.533680000s FLOPS:0.95352 GFLOPS
2 #### check GEMM Cversion VS Correct Cversion.
sum1 295930414.931046 sum2 295930414.931046
[5476506 ## mn155: 6289 ## Tue Sep 27 13:41:43 2016]  job_finished. use-time: 6.236968 (secs)
[5476525 ## mn186: 23311 ## Tue Sep 27 13:44:02 2016]  cnodenum= 1, job-resource-list: 941
[5476525 ## mn186: 23311 ## Tue Sep 27 13:44:02 2016]  mnodenum= 1, mnodelist: mn[169]
[5476525 ## vn000941: 2238 ## Tue Sep 27 13:44:02 2016]  job's first task will run: /bin/sw3run -b 1 -K 1024 -s 6000 -m 1 -j 5476525 -F 0xFFFFFFFFFFFFFFFF -i ./example_asm 
B=128, Ni=384, No=128, Ri=10, Ci=10, Ro=8, Co=8, K=3
Init Data
Costride is 2
ldm comsumption is 57344
Begin ASM on accelerator.
Finish conv_p_simd_rc on accelerator. Time: 0.024404000s FLOPS:296.99055 GFLOPS
Begin conv on cpu. 
Finish conv on cpu. Time: 7.960652000s FLOPS:0.91045 GFLOPS
2 #### check GEMM Cversion VS Correct Cversion.
sum1 887897276.813054 sum2 887897276.813054
[5476525 ## mn186: 23311 ## Tue Sep 27 13:44:14 2016]  job_finished. use-time: 11.460648 (secs)
[5476529 ## mn190: 3296 ## Tue Sep 27 13:45:39 2016]  cnodenum= 1, job-resource-list: 17402
[5476529 ## mn190: 3296 ## Tue Sep 27 13:45:39 2016]  mnodenum= 1, mnodelist: mn[33]
[5476529 ## vn017402: 2033 ## Tue Sep 27 13:45:41 2016]  job's first task will run: /bin/sw3run -b 1 -K 1024 -s 6000 -m 1 -j 5476529 -F 0xFFFFFFFFFFFFFFFF -i ./example_asm 
B=128, Ni=384, No=128, Ri=34, Ci=34, Ro=32, Co=32, K=3
Init Data
Costride is 2
ldm comsumption is 57344
Begin ASM on accelerator.
Finish conv_p_simd_rc on accelerator. Time: 0.395019000s FLOPS:293.56593 GFLOPS
Begin conv on cpu. 
Finish conv on cpu. Time: 127.319871000s FLOPS:0.91081 GFLOPS
2 #### check GEMM Cversion VS Correct Cversion.
sum1 14206349215.252352 sum2 14206349215.252352
[5476529 ## mn190: 3296 ## Tue Sep 27 13:47:51 2016]  job_finished. use-time: 130.499711 (secs)
[5484734 ## mn236: 29842 ## Wed Sep 28 10:40:59 2016]  cnodenum= 1, job-resource-list: 30029
[5484734 ## mn236: 29842 ## Wed Sep 28 10:40:59 2016]  mnodenum= 1, mnodelist: mn[289]
[5484734 ## vn030029: 5424 ## Wed Sep 28 10:39:06 2016]  job's first task will run: /bin/sw3run -b 1 -K 1024 -s 6000 -m 1 -j 5484734 -F 0xFFFFFFFFFFFFFFFF -i ./example_asm 
B=128, Ni=384, No=128, Ri=34, Ci=34, Ro=32, Co=32, K=3
Init Data
Costride is 2
ldm comsumption is 57344
Begin ASM on accelerator.
Finish conv_p_simd_rc on accelerator. Time: 0.458366000s FLOPS:252.99459 GFLOPS
Begin conv on cpu. 
Finish conv on cpu. Time: 125.880481000s FLOPS:0.92122 GFLOPS
2 #### check GEMM Cversion VS Correct Cversion.
sum1 14206349215.252352 sum2 14206349215.252352
[5484734 ## mn236: 29842 ## Wed Sep 28 10:43:10 2016]  job_finished. use-time: 130.373855 (secs)
[5484874 ## mn054: 9601 ## Wed Sep 28 11:01:27 2016]  cnodenum= 1, job-resource-list: 30029
[5484874 ## mn054: 9601 ## Wed Sep 28 11:01:27 2016]  mnodenum= 1, mnodelist: mn[228]
[5484874 ## vn030029: 5732 ## Wed Sep 28 10:59:34 2016]  job's first task will run: /bin/sw3run -b 1 -K 1024 -s 6000 -m 1 -j 5484874 -F 0xFFFFFFFFFFFFFFFF -i ./example_asm 
B=128, Ni=384, No=128, Ri=34, Ci=34, Ro=32, Co=32, K=3
Init Data
Costride is 2
ldm comsumption is 57344
Begin ASM on accelerator.
Finish conv_p_simd_rc on accelerator. Time: 0.456927000s FLOPS:253.79135 GFLOPS
Begin conv on cpu. 
[5484874 ## Wed Sep 28 11:03:01 2016] receive request of kill job(Crtl`C).
[5484874 ## Wed Sep 28 11:03:01 2016] receive request of kill job(Crtl`C).
[5484874 ## Wed Sep 28 11:03:02 2016] receive request of kill job(Crtl`C).
[5484874 ## Wed Sep 28 11:03:02 2016] receive request of kill job(Crtl`C).
[5484874 ## Wed Sep 28 11:03:02 2016] receive request of kill job(Crtl`C).
[5484874 ## Wed Sep 28 11:03:02 2016] receive request of kill job(Crtl`C).
[5484874 ## Wed Sep 28 11:03:02 2016] receive request of kill job(Crtl`C).
[5484874 ## Wed Sep 28 11:03:02 2016] receive request of kill job(Crtl`C).
[5484874 ## Wed Sep 28 11:03:02 2016] receive request of kill job(Crtl`C).
[5484874 ## Wed Sep 28 11:03:02 2016] receive request of kill job(Crtl`C).
[5484874 ## Wed Sep 28 11:03:02 2016] receive request of kill job(Crtl`C).
[5484874 ## Wed Sep 28 11:03:03 2016] receive request of kill job(Crtl`C).
[5484874 ## Wed Sep 28 11:03:03 2016] receive request of kill job(Crtl`C).
[5484874 ## mn054: 9601 ## Wed Sep 28 11:03:03 2016]  job_finished. use-time: 95.336882 (secs)
[5484874 ## Wed Sep 28 11:03:03 2016] receive request of kill job(Crtl`C).
[5484874 ## Wed Sep 28 11:03:03 2016] receive request of kill job(Crtl`C).
[5484888 ## mn068: 11490 ## Wed Sep 28 11:03:46 2016]  cnodenum= 1, job-resource-list: 33145
[5484888 ## mn068: 11490 ## Wed Sep 28 11:03:46 2016]  mnodenum= 1, mnodelist: mn[198]
[5484888 ## vn033145: 4661 ## Wed Sep 28 11:00:43 2016]  job's first task will run: /bin/sw3run -b 1 -K 1024 -s 6000 -m 1 -j 5484888 -F 0xFFFFFFFFFFFFFFFF -i ./example_asm 
B=128, Ni=192, No=128, Ri=10, Ci=10, Ro=8, Co=8, K=3
Init Data
Costride is 14
ldm comsumption is 57344
Begin ASM on accelerator.
Finish conv_p_simd_rc on accelerator. Time: 0.010536000s FLOPS:343.95204 GFLOPS
Begin conv on cpu. 
Finish conv on cpu. Time: 3.758745000s FLOPS:0.96412 GFLOPS
2 #### check GEMM Cversion VS Correct Cversion.
Wrong at 0, 412.418799999999578, 411.658799999999815
Wrong at 1, 420.972400000000505, 420.212399999999548
Wrong at 2, 429.525999999998987, 428.765999999998769
Wrong at 3, 438.079599999999459, 437.319599999999127
Wrong at 4, 412.643200000000093, 411.563200000000393
Wrong at 5, 421.196799999999712, 420.116799999999387
Wrong at 6, 429.750399999999672, 428.670399999999461
Wrong at 7, 438.304000000000599, 437.224000000000331
Wrong at 8, 411.567600000000084, 409.957600000000014
Wrong at 9, 420.121199999999533, 418.511199999999121
Wrong at 10, 428.674799999999323, 427.064799999999252
Wrong at 11, 437.228400000000249, 435.618400000000861
Wrong at 12, 410.192000000000007, 409.541999999999916
Wrong at 13, 418.745599999999683, 418.095599999999479
Wrong at 14, 427.299199999999985, 426.649200000000235
Wrong at 15, 435.852800000000173, 435.202800000000138
Wrong at 16, 411.336399999999571, 409.886399999999583
Wrong at 17, 419.889999999999361, 418.439999999999316
Wrong at 18, 428.443600000000686, 426.993600000000242
Wrong at 19, 436.997199999999907, 435.547199999999350
Wrong at 20, 410.620799999999463, 410.880799999999454
Wrong at 21, 419.174400000000048, 419.434399999999641
Wrong at 22, 427.728000000000975, 427.987999999999488
Wrong at 23, 436.281600000000083, 436.541600000000244
Wrong at 24, 411.815200000000232, 412.795200000000023
Wrong at 25, 420.368799999999851, 421.348800000000381
Wrong at 26, 428.922399999999755, 429.902399999999886
Wrong at 27, 437.475999999998919, 438.455999999999619
Wrong at 28, 412.559599999999705, 412.469599999999673
Wrong at 29, 421.113200000000006, 421.023199999999463
Wrong at 30, 429.666800000000308, 429.576799999998912
Wrong at 31, 438.220400000000325, 438.130400000000407
Wrong at 32, 411.794000000000437, 410.904000000000224
Wrong at 33, 420.347600000000057, 419.457599999999729
Wrong at 34, 428.901199999999335, 428.011199999998837
Wrong at 35, 437.454800000000262, 436.564800000001128
Wrong at 36, 409.418399999999679, 409.988400000000354
Wrong at 37, 417.971999999999753, 418.541999999999973
Wrong at 38, 426.525599999999031, 427.095599999999592
Wrong at 39, 435.079200000000469, 435.649200000000292
Wrong at 40, 408.012800000000595, 409.552800000000161
Wrong at 41, 416.566400000000158, 418.106400000000065
Wrong at 42, 425.120000000000516, 426.660000000000480
Wrong at 43, 433.673599999999681, 435.213599999999815
Wrong at 44, 409.847200000000043, 410.587199999999882
Wrong at 45, 418.400799999999549, 419.140799999999558
Wrong at 46, 426.954399999999680, 427.694400000000030
Wrong at 47, 435.507999999999470, 436.247999999999877
Wrong at 48, 409.831600000000321, 412.271599999999921
Wrong at 49, 418.385200000000737, 420.825200000000905
Wrong at 50, 426.938800000000128, 429.378800000000012
Wrong at 51, 435.492399999999520, 437.932399999999461
Wrong at 52, 411.356000000000449, 412.716000000000179
Wrong at 53, 419.909599999999273, 421.269599999999741
Wrong at 54, 428.463199999999404, 429.823199999999304
Wrong at 55, 437.016799999998966, 438.376799999999207
Wrong at 56, 410.620399999999790, 410.920399999999802
Wrong at 57, 419.174000000000433, 419.473999999999648
Wrong at 58, 427.727599999999086, 428.027599999999836
Wrong at 59, 436.281199999999728, 436.581200000000365
Wrong at 60, 410.544799999999839, 410.044799999999498
Wrong at 61, 419.098399999998776, 418.598399999999913
Wrong at 62, 427.651999999999646, 427.152000000000498
Wrong at 63, 436.205600000000516, 435.705600000000288
Wrong at 64, 408.869199999999637, 409.819199999999626
sum1 443942236.691036 sum2 443943210.866990
[5484888 ## mn068: 11490 ## Wed Sep 28 11:03:53 2016]  job_finished. use-time: 6.224540 (secs)
[5484905 ## mn085: 24980 ## Wed Sep 28 11:07:25 2016]  cnodenum= 1, job-resource-list: 30029
[5484905 ## mn085: 24980 ## Wed Sep 28 11:07:25 2016]  mnodenum= 1, mnodelist: mn[145]
[5484905 ## vn030029: 5817 ## Wed Sep 28 11:05:32 2016]  job's first task will run: /bin/sw3run -b 1 -K 1024 -s 6000 -m 1 -j 5484905 -F 0xFFFFFFFFFFFFFFFF -i ./example_asm 
B=128, Ni=192, No=128, Ri=10, Ci=10, Ro=8, Co=8, K=3
Init Data
Costride is 14
ldm comsumption is 57344
Begin ASM on accelerator.
Finish conv_p_simd_rc on accelerator. Time: 0.012194000s FLOPS:297.18540 GFLOPS
Begin conv on cpu. 
Finish conv on cpu. Time: 3.767320000s FLOPS:0.96192 GFLOPS
2 #### check GEMM Cversion VS Correct Cversion.
Wrong at 0, 412.418799999999578, 411.658799999999815
Wrong at 1, 420.972400000000505, 420.212399999999548
Wrong at 2, 429.525999999998987, 428.765999999998769
Wrong at 3, 438.079599999999459, 437.319599999999127
Wrong at 4, 412.643200000000093, 411.563200000000393
Wrong at 5, 421.196799999999712, 420.116799999999387
Wrong at 6, 429.750399999999672, 428.670399999999461
Wrong at 7, 438.304000000000599, 437.224000000000331
Wrong at 8, 411.567600000000084, 409.957600000000014
Wrong at 9, 420.121199999999533, 418.511199999999121
Wrong at 10, 428.674799999999323, 427.064799999999252
Wrong at 11, 437.228400000000249, 435.618400000000861
Wrong at 12, 410.192000000000007, 409.541999999999916
Wrong at 13, 418.745599999999683, 418.095599999999479
Wrong at 14, 427.299199999999985, 426.649200000000235
Wrong at 15, 435.852800000000173, 435.202800000000138
Wrong at 16, 411.336399999999571, 409.886399999999583
Wrong at 17, 419.889999999999361, 418.439999999999316
Wrong at 18, 428.443600000000686, 426.993600000000242
Wrong at 19, 436.997199999999907, 435.547199999999350
Wrong at 20, 410.620799999999463, 410.880799999999454
Wrong at 21, 419.174400000000048, 419.434399999999641
Wrong at 22, 427.728000000000975, 427.987999999999488
Wrong at 23, 436.281600000000083, 436.541600000000244
Wrong at 24, 411.815200000000232, 412.795200000000023
Wrong at 25, 420.368799999999851, 421.348800000000381
Wrong at 26, 428.922399999999755, 429.902399999999886
Wrong at 27, 437.475999999998919, 438.455999999999619
Wrong at 28, 412.559599999999705, 412.469599999999673
Wrong at 29, 421.113200000000006, 421.023199999999463
Wrong at 30, 429.666800000000308, 429.576799999998912
Wrong at 31, 438.220400000000325, 438.130400000000407
Wrong at 32, 411.794000000000437, 410.904000000000224
Wrong at 33, 420.347600000000057, 419.457599999999729
Wrong at 34, 428.901199999999335, 428.011199999998837
Wrong at 35, 437.454800000000262, 436.564800000001128
Wrong at 36, 409.418399999999679, 409.988400000000354
Wrong at 37, 417.971999999999753, 418.541999999999973
Wrong at 38, 426.525599999999031, 427.095599999999592
Wrong at 39, 435.079200000000469, 435.649200000000292
Wrong at 40, 408.012800000000595, 409.552800000000161
Wrong at 41, 416.566400000000158, 418.106400000000065
Wrong at 42, 425.120000000000516, 426.660000000000480
Wrong at 43, 433.673599999999681, 435.213599999999815
Wrong at 44, 409.847200000000043, 410.587199999999882
Wrong at 45, 418.400799999999549, 419.140799999999558
Wrong at 46, 426.954399999999680, 427.694400000000030
Wrong at 47, 435.507999999999470, 436.247999999999877
Wrong at 48, 409.831600000000321, 412.271599999999921
Wrong at 49, 418.385200000000737, 420.825200000000905
Wrong at 50, 426.938800000000128, 429.378800000000012
Wrong at 51, 435.492399999999520, 437.932399999999461
Wrong at 52, 411.356000000000449, 412.716000000000179
Wrong at 53, 419.909599999999273, 421.269599999999741
Wrong at 54, 428.463199999999404, 429.823199999999304
Wrong at 55, 437.016799999998966, 438.376799999999207
Wrong at 56, 410.620399999999790, 410.920399999999802
Wrong at 57, 419.174000000000433, 419.473999999999648
Wrong at 58, 427.727599999999086, 428.027599999999836
Wrong at 59, 436.281199999999728, 436.581200000000365
Wrong at 60, 410.544799999999839, 410.044799999999498
Wrong at 61, 419.098399999998776, 418.598399999999913
Wrong at 62, 427.651999999999646, 427.152000000000498
Wrong at 63, 436.205600000000516, 435.705600000000288
Wrong at 64, 408.869199999999637, 409.819199999999626
sum1 443942236.691036 sum2 443943210.866990
[5484905 ## mn085: 24980 ## Wed Sep 28 11:07:32 2016]  job_finished. use-time: 6.217551 (secs)
[5484940 ## mn119: 2817 ## Wed Sep 28 11:10:57 2016]  cnodenum= 1, job-resource-list: 30029
[5484940 ## mn119: 2817 ## Wed Sep 28 11:10:57 2016]  mnodenum= 1, mnodelist: mn[242]
[5484940 ## vn030029: 5877 ## Wed Sep 28 11:09:04 2016]  job's first task will run: /bin/sw3run -b 1 -K 1024 -s 6000 -m 1 -j 5484940 -F 0xFFFFFFFFFFFFFFFF -i ./example_asm 
B=128, Ni=192, No=128, Ri=10, Ci=10, Ro=8, Co=8, K=3
Init Data
Costride is 14
ldm comsumption is 57344
Begin ASM on accelerator.
Finish conv_p_simd_rc on accelerator. Time: 0.012140000s FLOPS:298.50731 GFLOPS
Begin conv on cpu. 
Finish conv on cpu. Time: 3.767061000s FLOPS:0.96199 GFLOPS
2 #### check GEMM Cversion VS Correct Cversion.
Wrong at 0, 412.418799999999578, 411.658799999999815
Wrong at 1, 420.972400000000505, 420.212399999999548
Wrong at 2, 429.525999999998987, 428.765999999998769
Wrong at 3, 438.079599999999459, 437.319599999999127
Wrong at 4, 412.643200000000093, 411.563200000000393
Wrong at 5, 421.196799999999712, 420.116799999999387
Wrong at 6, 429.750399999999672, 428.670399999999461
Wrong at 7, 438.304000000000599, 437.224000000000331
Wrong at 8, 411.567600000000084, 409.957600000000014
Wrong at 9, 420.121199999999533, 418.511199999999121
Wrong at 10, 428.674799999999323, 427.064799999999252
Wrong at 11, 437.228400000000249, 435.618400000000861
Wrong at 12, 410.192000000000007, 409.541999999999916
Wrong at 13, 418.745599999999683, 418.095599999999479
Wrong at 14, 427.299199999999985, 426.649200000000235
Wrong at 15, 435.852800000000173, 435.202800000000138
Wrong at 16, 411.336399999999571, 409.886399999999583
Wrong at 17, 419.889999999999361, 418.439999999999316
Wrong at 18, 428.443600000000686, 426.993600000000242
Wrong at 19, 436.997199999999907, 435.547199999999350
Wrong at 20, 410.620799999999463, 410.880799999999454
Wrong at 21, 419.174400000000048, 419.434399999999641
Wrong at 22, 427.728000000000975, 427.987999999999488
Wrong at 23, 436.281600000000083, 436.541600000000244
Wrong at 24, 411.815200000000232, 412.795200000000023
Wrong at 25, 420.368799999999851, 421.348800000000381
Wrong at 26, 428.922399999999755, 429.902399999999886
Wrong at 27, 437.475999999998919, 438.455999999999619
Wrong at 28, 412.559599999999705, 412.469599999999673
Wrong at 29, 421.113200000000006, 421.023199999999463
Wrong at 30, 429.666800000000308, 429.576799999998912
Wrong at 31, 438.220400000000325, 438.130400000000407
Wrong at 32, 411.794000000000437, 410.904000000000224
Wrong at 33, 420.347600000000057, 419.457599999999729
Wrong at 34, 428.901199999999335, 428.011199999998837
Wrong at 35, 437.454800000000262, 436.564800000001128
Wrong at 36, 409.418399999999679, 409.988400000000354
Wrong at 37, 417.971999999999753, 418.541999999999973
Wrong at 38, 426.525599999999031, 427.095599999999592
Wrong at 39, 435.079200000000469, 435.649200000000292
Wrong at 40, 408.012800000000595, 409.552800000000161
Wrong at 41, 416.566400000000158, 418.106400000000065
Wrong at 42, 425.120000000000516, 426.660000000000480
Wrong at 43, 433.673599999999681, 435.213599999999815
Wrong at 44, 409.847200000000043, 410.587199999999882
Wrong at 45, 418.400799999999549, 419.140799999999558
Wrong at 46, 426.954399999999680, 427.694400000000030
Wrong at 47, 435.507999999999470, 436.247999999999877
Wrong at 48, 409.831600000000321, 412.271599999999921
Wrong at 49, 418.385200000000737, 420.825200000000905
Wrong at 50, 426.938800000000128, 429.378800000000012
Wrong at 51, 435.492399999999520, 437.932399999999461
Wrong at 52, 411.356000000000449, 412.716000000000179
Wrong at 53, 419.909599999999273, 421.269599999999741
Wrong at 54, 428.463199999999404, 429.823199999999304
Wrong at 55, 437.016799999998966, 438.376799999999207
Wrong at 56, 410.620399999999790, 410.920399999999802
Wrong at 57, 419.174000000000433, 419.473999999999648
Wrong at 58, 427.727599999999086, 428.027599999999836
Wrong at 59, 436.281199999999728, 436.581200000000365
Wrong at 60, 410.544799999999839, 410.044799999999498
Wrong at 61, 419.098399999998776, 418.598399999999913
Wrong at 62, 427.651999999999646, 427.152000000000498
Wrong at 63, 436.205600000000516, 435.705600000000288
Wrong at 64, 408.869199999999637, 409.819199999999626
sum1 443942236.691036 sum2 443943210.866990
[5484940 ## mn119: 2817 ## Wed Sep 28 11:11:06 2016]  job_finished. use-time: 8.166077 (secs)
[5484949 ## mn128: 7238 ## Wed Sep 28 11:11:54 2016]  cnodenum= 1, job-resource-list: 30029
[5484949 ## mn128: 7238 ## Wed Sep 28 11:11:54 2016]  mnodenum= 1, mnodelist: mn[188]
[5484949 ## vn030029: 5895 ## Wed Sep 28 11:10:00 2016]  job's first task will run: /bin/sw3run -b 1 -K 1024 -s 6000 -m 1 -j 5484949 -F 0xFFFFFFFFFFFFFFFF -i ./example_asm 
B=128, Ni=192, No=128, Ri=10, Ci=10, Ro=8, Co=8, K=3
Init Data
Costride is 14
ldm comsumption is 57344
Begin ASM on accelerator.
Finish conv_p_simd_rc on accelerator. Time: 0.010532000s FLOPS:344.08267 GFLOPS
Begin conv on cpu. 
Finish conv on cpu. Time: 3.760454000s FLOPS:0.96368 GFLOPS
2 #### check GEMM Cversion VS Correct Cversion.
sum1 443943210.866990 sum2 443943210.866990
[5484949 ## mn128: 7238 ## Wed Sep 28 11:12:00 2016]  job_finished. use-time: 6.246371 (secs)
[5484958 ## mn137: 25310 ## Wed Sep 28 11:13:20 2016]  cnodenum= 1, job-resource-list: 30029
[5484958 ## mn137: 25310 ## Wed Sep 28 11:13:20 2016]  mnodenum= 1, mnodelist: mn[62]
[5484958 ## vn030029: 5925 ## Wed Sep 28 11:11:26 2016]  job's first task will run: /bin/sw3run -b 1 -K 1024 -s 6000 -m 1 -j 5484958 -F 0xFFFFFFFFFFFFFFFF -i ./example_asm 
B=128, Ni=192, No=128, Ri=10, Ci=10, Ro=8, Co=8, K=3
Init Data
Costride is 14
ldm comsumption is 57344
Begin ASM on accelerator.
Finish conv_p_simd_rc on accelerator. Time: 0.012130000s FLOPS:298.75340 GFLOPS
Begin conv on cpu. 
Finish conv on cpu. Time: 3.763923000s FLOPS:0.96279 GFLOPS
2 #### check GEMM Cversion VS Correct Cversion.
sum1 443943210.866990 sum2 443943210.866990
[5484958 ## mn137: 25310 ## Wed Sep 28 11:13:26 2016]  job_finished. use-time: 6.179240 (secs)
[5484963 ## mn143: 13835 ## Wed Sep 28 11:14:10 2016]  cnodenum= 1, job-resource-list: 33145
[5484963 ## mn143: 13835 ## Wed Sep 28 11:14:10 2016]  mnodenum= 1, mnodelist: mn[149]
[5484963 ## vn033145: 4691 ## Wed Sep 28 11:11:07 2016]  job's first task will run: /bin/sw3run -b 1 -K 1024 -s 6000 -m 1 -j 5484963 -F 0xFFFFFFFFFFFFFFFF -i ./example_asm 
B=128, Ni=192, No=128, Ri=10, Ci=10, Ro=8, Co=8, K=3
Init Data
Costride is 14
ldm comsumption is 57344
Begin ASM on accelerator.
Finish conv_p_simd_rc on accelerator. Time: 0.012092000s FLOPS:299.69225 GFLOPS
Begin conv on cpu. 
Finish conv on cpu. Time: 3.764738000s FLOPS:0.96258 GFLOPS
2 #### check GEMM Cversion VS Correct Cversion.
Wrong at 0, 412.418799999999578, 411.658799999999815
Wrong at 1, 420.972400000000505, 420.212399999999548
Wrong at 2, 429.525999999998987, 428.765999999998769
Wrong at 3, 438.079599999999459, 437.319599999999127
Wrong at 4, 412.643200000000093, 411.563200000000393
Wrong at 5, 421.196799999999712, 420.116799999999387
Wrong at 6, 429.750399999999672, 428.670399999999461
Wrong at 7, 438.304000000000599, 437.224000000000331
Wrong at 8, 411.567600000000084, 409.957600000000014
Wrong at 9, 420.121199999999533, 418.511199999999121
Wrong at 10, 428.674799999999323, 427.064799999999252
Wrong at 11, 437.228400000000249, 435.618400000000861
Wrong at 12, 410.192000000000007, 409.541999999999916
Wrong at 13, 418.745599999999683, 418.095599999999479
Wrong at 14, 427.299199999999985, 426.649200000000235
Wrong at 15, 435.852800000000173, 435.202800000000138
Wrong at 16, 411.336399999999571, 409.886399999999583
Wrong at 17, 419.889999999999361, 418.439999999999316
Wrong at 18, 428.443600000000686, 426.993600000000242
Wrong at 19, 436.997199999999907, 435.547199999999350
Wrong at 20, 410.620799999999463, 410.880799999999454
Wrong at 21, 419.174400000000048, 419.434399999999641
Wrong at 22, 427.728000000000975, 427.987999999999488
Wrong at 23, 436.281600000000083, 436.541600000000244
Wrong at 24, 411.815200000000232, 412.795200000000023
Wrong at 25, 420.368799999999851, 421.348800000000381
Wrong at 26, 428.922399999999755, 429.902399999999886
Wrong at 27, 437.475999999998919, 438.455999999999619
Wrong at 28, 412.559599999999705, 412.469599999999673
Wrong at 29, 421.113200000000006, 421.023199999999463
Wrong at 30, 429.666800000000308, 429.576799999998912
Wrong at 31, 438.220400000000325, 438.130400000000407
Wrong at 32, 411.794000000000437, 410.904000000000224
Wrong at 33, 420.347600000000057, 419.457599999999729
Wrong at 34, 428.901199999999335, 428.011199999998837
Wrong at 35, 437.454800000000262, 436.564800000001128
Wrong at 36, 409.418399999999679, 409.988400000000354
Wrong at 37, 417.971999999999753, 418.541999999999973
Wrong at 38, 426.525599999999031, 427.095599999999592
Wrong at 39, 435.079200000000469, 435.649200000000292
Wrong at 40, 408.012800000000595, 409.552800000000161
Wrong at 41, 416.566400000000158, 418.106400000000065
Wrong at 42, 425.120000000000516, 426.660000000000480
Wrong at 43, 433.673599999999681, 435.213599999999815
Wrong at 44, 409.847200000000043, 410.587199999999882
Wrong at 45, 418.400799999999549, 419.140799999999558
Wrong at 46, 426.954399999999680, 427.694400000000030
Wrong at 47, 435.507999999999470, 436.247999999999877
Wrong at 48, 409.831600000000321, 412.271599999999921
Wrong at 49, 418.385200000000737, 420.825200000000905
Wrong at 50, 426.938800000000128, 429.378800000000012
Wrong at 51, 435.492399999999520, 437.932399999999461
Wrong at 52, 411.356000000000449, 412.716000000000179
Wrong at 53, 419.909599999999273, 421.269599999999741
Wrong at 54, 428.463199999999404, 429.823199999999304
Wrong at 55, 437.016799999998966, 438.376799999999207
Wrong at 56, 410.620399999999790, 410.920399999999802
Wrong at 57, 419.174000000000433, 419.473999999999648
Wrong at 58, 427.727599999999086, 428.027599999999836
Wrong at 59, 436.281199999999728, 436.581200000000365
Wrong at 60, 410.544799999999839, 410.044799999999498
Wrong at 61, 419.098399999998776, 418.598399999999913
Wrong at 62, 427.651999999999646, 427.152000000000498
Wrong at 63, 436.205600000000516, 435.705600000000288
Wrong at 64, 408.869199999999637, 409.819199999999626
sum1 443942236.691036 sum2 443943210.866990
[5484963 ## mn143: 13835 ## Wed Sep 28 11:14:16 2016]  job_finished. use-time: 6.177459 (secs)
[5485007 ## mn187: 31230 ## Wed Sep 28 11:19:40 2016]  cnodenum= 1, job-resource-list: 33145
[5485007 ## mn187: 31230 ## Wed Sep 28 11:19:40 2016]  mnodenum= 1, mnodelist: mn[101]
[5485007 ## vn033145: 4730 ## Wed Sep 28 11:16:37 2016]  job's first task will run: /bin/sw3run -b 1 -K 1024 -s 6000 -m 1 -j 5485007 -F 0xFFFFFFFFFFFFFFFF -i ./example_asm 
B=128, Ni=192, No=128, Ri=10, Ci=10, Ro=8, Co=8, K=3
Init Data
Costride is 14
ldm comsumption is 57344
Begin ASM on accelerator.
Finish conv_p_simd_rc on accelerator. Time: 0.010565000s FLOPS:343.00792 GFLOPS
Begin conv on cpu. 
Finish conv on cpu. Time: 3.762576000s FLOPS:0.96314 GFLOPS
2 #### check GEMM Cversion VS Correct Cversion.
sum1 443943210.866990 sum2 443943210.866990
[5485007 ## mn187: 31230 ## Wed Sep 28 11:19:46 2016]  job_finished. use-time: 6.218072 (secs)
[5485012 ## mn192: 31477 ## Wed Sep 28 11:20:27 2016]  cnodenum= 1, job-resource-list: 33109
[5485012 ## mn192: 31477 ## Wed Sep 28 11:20:27 2016]  mnodenum= 1, mnodelist: mn[139]
[5485012 ## vn033109: 4693 ## Wed Sep 28 11:17:31 2016]  job's first task will run: /bin/sw3run -b 1 -K 1024 -s 6000 -m 1 -j 5485012 -F 0xFFFFFFFFFFFFFFFF -i ./example_asm 
B=128, Ni=192, No=128, Ri=10, Ci=10, Ro=8, Co=8, K=3
Init Data
Costride is 14
ldm comsumption is 57344
Begin ASM on accelerator.
Finish conv_p_simd_rc on accelerator. Time: 0.012125000s FLOPS:298.87660 GFLOPS
Begin conv on cpu. 
Finish conv on cpu. Time: 3.765767000s FLOPS:0.96232 GFLOPS
2 #### check GEMM Cversion VS Correct Cversion.
sum1 443943210.866990 sum2 443943210.866990
[5485012 ## mn192: 31477 ## Wed Sep 28 11:20:35 2016]  job_finished. use-time: 8.230466 (secs)
[5485060 ## mn240: 9390 ## Wed Sep 28 11:27:57 2016]  cnodenum= 1, job-resource-list: 33109
[5485060 ## mn240: 9390 ## Wed Sep 28 11:27:57 2016]  mnodenum= 1, mnodelist: mn[108]
[5485060 ## vn033109: 4820 ## Wed Sep 28 11:25:01 2016]  job's first task will run: /bin/sw3run -b 1 -K 1024 -s 6000 -m 1 -j 5485060 -F 0xFFFFFFFFFFFFFFFF -i ./example_asm 
B=128, Ni=192, No=128, Ri=10, Ci=10, Ro=8, Co=8, K=3
Init Data
Costride is 14
ldm comsumption is 57344
Begin ASM on accelerator.
Finish conv_p_simd_rc on accelerator. Time: 0.012155000s FLOPS:298.13893 GFLOPS
Begin conv on cpu. 
Finish conv on cpu. Time: 3.764491000s FLOPS:0.96265 GFLOPS
2 #### check GEMM Cversion VS Correct Cversion.
Wrong at 0, 409.980000000000246, 411.658799999999815
Wrong at 1, 418.533599999998842, 420.212399999999548
Wrong at 2, 427.087199999998461, 428.765999999998769
Wrong at 3, 435.640800000000638, 437.319599999999127
Wrong at 4, 409.774400000000583, 411.563200000000393
Wrong at 5, 418.327999999999065, 420.116799999999387
Wrong at 6, 426.881599999999537, 428.670399999999461
Wrong at 7, 435.435200000000350, 437.224000000000331
Wrong at 8, 410.778799999999535, 409.957600000000014
Wrong at 9, 419.332399999999552, 418.511199999999121
Wrong at 10, 427.885999999999740, 427.064799999999252
Wrong at 11, 436.439600000000553, 435.618400000000861
Wrong at 12, 410.953199999999356, 409.541999999999916
Wrong at 13, 419.506799999999942, 418.095599999999479
Wrong at 14, 428.060399999999959, 426.649200000000235
Wrong at 15, 436.614000000000317, 435.202800000000138
Wrong at 16, 411.387599999999679, 409.886399999999583
Wrong at 17, 419.941199999999640, 418.439999999999316
Wrong at 18, 428.494799999999032, 426.993600000000242
Wrong at 19, 437.048399999999162, 435.547199999999350
Wrong at 20, 412.771999999999935, 410.880799999999454
Wrong at 21, 421.325600000000236, 419.434399999999641
Wrong at 22, 429.879199999998889, 427.987999999999488
Wrong at 23, 438.432800000000043, 436.541600000000244
Wrong at 24, 413.256399999999587, 412.795200000000023
Wrong at 25, 421.809999999999548, 421.348800000000381
Wrong at 26, 430.363599999999792, 429.902399999999886
Wrong at 27, 438.917200000001060, 438.455999999999619
Wrong at 28, 411.300799999999924, 412.469599999999673
Wrong at 29, 419.854399999999373, 421.023199999999463
Wrong at 30, 428.407999999999276, 429.576799999998912
Wrong at 31, 436.961600000000487, 438.130400000000407
Wrong at 32, 409.635200000000111, 410.904000000000224
Wrong at 33, 418.188799999999617, 419.457599999999729
Wrong at 34, 426.742400000000487, 428.011199999998837
Wrong at 35, 435.295999999999822, 436.564800000001128
Wrong at 36, 411.299600000000169, 409.988400000000354
Wrong at 37, 419.853199999999731, 418.541999999999973
Wrong at 38, 428.406800000000828, 427.095599999999592
Wrong at 39, 436.960399999999993, 435.649200000000292
Wrong at 40, 412.184000000000083, 409.552800000000161
Wrong at 41, 420.737600000000725, 418.106400000000065
Wrong at 42, 429.291200000000742, 426.660000000000480
Wrong at 43, 437.844799999999793, 435.213599999999815
Wrong at 44, 411.318399999999770, 410.587199999999882
Wrong at 45, 419.872000000000185, 419.140799999999558
Wrong at 46, 428.425599999999633, 427.694400000000030
Wrong at 47, 436.979199999999310, 436.247999999999877
Wrong at 48, 411.772800000000359, 412.271599999999921
Wrong at 49, 420.326400000000433, 420.825200000000905
Wrong at 50, 428.879999999999370, 429.378800000000012
Wrong at 51, 437.433599999999956, 437.932399999999461
Wrong at 52, 410.027199999999709, 412.716000000000179
Wrong at 53, 418.580800000000409, 421.269599999999741
Wrong at 54, 427.134399999999744, 429.823199999999304
Wrong at 55, 435.688000000000329, 438.376799999999207
Wrong at 56, 408.781599999999798, 410.920399999999802
Wrong at 57, 417.335199999999759, 419.473999999999648
Wrong at 58, 425.888800000000856, 428.027599999999836
Wrong at 59, 434.442399999999793, 436.581200000000365
Wrong at 60, 407.816000000000201, 410.044799999999498
Wrong at 61, 416.369599999999650, 418.598399999999913
Wrong at 62, 424.923200000000634, 427.152000000000498
Wrong at 63, 433.476799999998718, 435.705600000000288
Wrong at 64, 410.140400000000056, 409.819199999999626
[5485060 ## Wed Sep 28 11:28:01 2016] warning: cg [33109]: user's mpe task: tid= 0, pid= 4820, terminated by sig 8
[5485060 ## mn240: 9390 ## Wed Sep 28 11:28:03 2016]  job_finished. use-time: 6.216983 (secs)
[5486086 ## mn265: 22127 ## Wed Sep 28 14:50:22 2016]  cnodenum= 1, job-resource-list: 32471
[5486086 ## mn265: 22127 ## Wed Sep 28 14:50:22 2016]  mnodenum= 1, mnodelist: mn[121]
[5486086 ## vn032471: 4884 ## Wed Sep 28 14:48:09 2016]  job's first task will run: /bin/sw3run -b 1 -K 1024 -s 6000 -m 1 -j 5486086 -F 0xFFFFFFFFFFFFFFFF -i ./example_asm 
B=128, Ni=192, No=128, Ri=10, Ci=10, Ro=8, Co=8, K=3
Init Data
Costride is 14
ldm comsumption is 57344
Begin ASM on accelerator.
Finish conv_p_simd_rc on accelerator. Time: 0.010222000s FLOPS:354.51758 GFLOPS
Begin conv on cpu. 
Finish conv on cpu. Time: 3.762937000s FLOPS:0.96305 GFLOPS
2 #### check GEMM Cversion VS Correct Cversion.
Wrong at 0, 411.118799999999794, 411.658799999999815
Wrong at 1, 419.672400000000550, 420.212399999999548
Wrong at 2, 428.225999999998749, 428.765999999998769
Wrong at 3, 436.779599999998993, 437.319599999999127
Wrong at 4, 411.023200000000713, 411.563200000000393
Wrong at 5, 419.576799999999480, 420.116799999999387
Wrong at 6, 428.130399999999611, 428.670399999999461
Wrong at 7, 436.684000000000140, 437.224000000000331
Wrong at 8, 409.647600000000239, 409.957600000000014
Wrong at 9, 418.201199999999233, 418.511199999999121
Wrong at 10, 426.754799999999591, 427.064799999999252
Wrong at 11, 435.308400000000461, 435.618400000000861
Wrong at 12, 409.971999999999753, 409.541999999999916
Wrong at 13, 418.525599999999883, 418.095599999999479
Wrong at 14, 427.079199999999844, 426.649200000000235
Wrong at 15, 435.632799999999918, 435.202800000000138
Wrong at 16, 410.796399999999892, 409.886399999999583
Wrong at 17, 419.349999999998829, 418.439999999999316
Wrong at 18, 427.903600000000040, 426.993600000000242
Wrong at 19, 436.457199999999261, 435.547199999999350
Wrong at 20, 410.240799999999922, 410.880799999999454
Wrong at 21, 418.794399999999541, 419.434399999999641
Wrong at 22, 427.348000000000184, 427.987999999999488
Wrong at 23, 435.901600000000315, 436.541600000000244
Wrong at 24, 411.155200000000093, 412.795200000000023
Wrong at 25, 419.708799999999712, 421.348800000000381
Wrong at 26, 428.262399999999047, 429.902399999999886
Wrong at 27, 436.815999999999690, 438.455999999999619
Wrong at 28, 411.309599999999534, 412.469599999999673
Wrong at 29, 419.863199999999892, 421.023199999999463
Wrong at 30, 428.416799999999853, 429.576799999998912
Wrong at 31, 436.970400000000268, 438.130400000000407
Wrong at 32, 410.223999999999876, 410.904000000000224
Wrong at 33, 418.777599999999495, 419.457599999999729
Wrong at 34, 427.331199999999058, 428.011199999998837
Wrong at 35, 435.884800000000496, 436.564800000001128
Wrong at 36, 409.548399999999788, 409.988400000000354
Wrong at 37, 418.101999999999805, 418.541999999999973
Wrong at 38, 426.655599999998458, 427.095599999999592
Wrong at 39, 435.209200000000180, 435.649200000000292
Wrong at 40, 409.842800000000352, 409.552800000000161
Wrong at 41, 418.396400000000199, 418.106400000000065
Wrong at 42, 426.950000000000841, 426.660000000000480
Wrong at 43, 435.503599999999892, 435.213599999999815
Wrong at 44, 411.357199999999978, 410.587199999999882
Wrong at 45, 419.910799999998972, 419.140799999999558
Wrong at 46, 428.464399999999046, 427.694400000000030
Wrong at 47, 437.018000000000029, 436.247999999999877
Wrong at 48, 411.021599999999864, 412.271599999999921
Wrong at 49, 419.575200000000677, 420.825200000000905
Wrong at 50, 428.128800000000069, 429.378800000000012
Wrong at 51, 436.682400000000257, 437.932399999999461
Wrong at 52, 412.456000000000529, 412.716000000000179
Wrong at 53, 421.009599999999523, 421.269599999999741
Wrong at 54, 429.563199999999767, 429.823199999999304
Wrong at 55, 438.116799999999046, 438.376799999999207
Wrong at 56, 411.140399999999943, 410.920399999999802
Wrong at 57, 419.694000000000131, 419.473999999999648
Wrong at 58, 428.247599999999409, 428.027599999999836
Wrong at 59, 436.801199999999994, 436.581200000000365
Wrong at 60, 410.744799999999714, 410.044799999999498
Wrong at 61, 419.298399999999731, 418.598399999999913
Wrong at 62, 427.851999999999919, 427.152000000000498
Wrong at 63, 436.405600000000732, 435.705600000000288
Wrong at 64, 410.769199999999557, 409.819199999999626
sum1 443942659.161408 sum2 443943210.866990
[5486086 ## mn265: 22127 ## Wed Sep 28 14:50:29 2016]  job_finished. use-time: 6.189137 (secs)
[5486121 ## mn299: 18721 ## Wed Sep 28 14:55:41 2016]  cnodenum= 1, job-resource-list: 32471
[5486121 ## mn299: 18721 ## Wed Sep 28 14:55:41 2016]  mnodenum= 1, mnodelist: mn[72]
[5486121 ## vn032471: 4899 ## Wed Sep 28 14:53:27 2016]  job's first task will run: /bin/sw3run -b 1 -K 1024 -s 6000 -m 1 -j 5486121 -F 0xFFFFFFFFFFFFFFFF -i ./example_asm 
B=128, Ni=192, No=128, Ri=10, Ci=10, Ro=8, Co=8, K=3
Init Data
Costride is 14
ldm comsumption is 57344
Begin ASM on accelerator.
Finish conv_p_simd_rc on accelerator. Time: 0.010243000s FLOPS:353.79076 GFLOPS
Begin conv on cpu. 
Finish conv on cpu. Time: 3.761242000s FLOPS:0.96348 GFLOPS
2 #### check GEMM Cversion VS Correct Cversion.
Wrong at 0, 411.118799999999794, 411.658799999999815
Wrong at 1, 419.672400000000550, 420.212399999999548
Wrong at 2, 428.225999999998749, 428.765999999998769
Wrong at 3, 436.779599999998993, 437.319599999999127
Wrong at 4, 411.023200000000713, 411.563200000000393
Wrong at 5, 419.576799999999480, 420.116799999999387
Wrong at 6, 428.130399999999611, 428.670399999999461
Wrong at 7, 436.684000000000140, 437.224000000000331
Wrong at 8, 409.647600000000239, 409.957600000000014
Wrong at 9, 418.201199999999233, 418.511199999999121
Wrong at 10, 426.754799999999591, 427.064799999999252
Wrong at 11, 435.308400000000461, 435.618400000000861
Wrong at 12, 409.971999999999753, 409.541999999999916
Wrong at 13, 418.525599999999883, 418.095599999999479
Wrong at 14, 427.079199999999844, 426.649200000000235
Wrong at 15, 435.632799999999918, 435.202800000000138
Wrong at 16, 410.796399999999892, 409.886399999999583
Wrong at 17, 419.349999999998829, 418.439999999999316
Wrong at 18, 427.903600000000040, 426.993600000000242
Wrong at 19, 436.457199999999261, 435.547199999999350
Wrong at 20, 410.240799999999922, 410.880799999999454
Wrong at 21, 418.794399999999541, 419.434399999999641
Wrong at 22, 427.348000000000184, 427.987999999999488
Wrong at 23, 435.901600000000315, 436.541600000000244
Wrong at 24, 411.155200000000093, 412.795200000000023
Wrong at 25, 419.708799999999712, 421.348800000000381
Wrong at 26, 428.262399999999047, 429.902399999999886
Wrong at 27, 436.815999999999690, 438.455999999999619
Wrong at 28, 411.309599999999534, 412.469599999999673
Wrong at 29, 419.863199999999892, 421.023199999999463
Wrong at 30, 428.416799999999853, 429.576799999998912
Wrong at 31, 436.970400000000268, 438.130400000000407
Wrong at 32, 410.223999999999876, 410.904000000000224
Wrong at 33, 418.777599999999495, 419.457599999999729
Wrong at 34, 427.331199999999058, 428.011199999998837
Wrong at 35, 435.884800000000496, 436.564800000001128
Wrong at 36, 409.548399999999788, 409.988400000000354
Wrong at 37, 418.101999999999805, 418.541999999999973
Wrong at 38, 426.655599999998458, 427.095599999999592
Wrong at 39, 435.209200000000180, 435.649200000000292
Wrong at 40, 409.842800000000352, 409.552800000000161
Wrong at 41, 418.396400000000199, 418.106400000000065
Wrong at 42, 426.950000000000841, 426.660000000000480
Wrong at 43, 435.503599999999892, 435.213599999999815
Wrong at 44, 411.357199999999978, 410.587199999999882
Wrong at 45, 419.910799999998972, 419.140799999999558
Wrong at 46, 428.464399999999046, 427.694400000000030
Wrong at 47, 437.018000000000029, 436.247999999999877
Wrong at 48, 411.021599999999864, 412.271599999999921
Wrong at 49, 419.575200000000677, 420.825200000000905
Wrong at 50, 428.128800000000069, 429.378800000000012
Wrong at 51, 436.682400000000257, 437.932399999999461
Wrong at 52, 412.456000000000529, 412.716000000000179
Wrong at 53, 421.009599999999523, 421.269599999999741
Wrong at 54, 429.563199999999767, 429.823199999999304
Wrong at 55, 438.116799999999046, 438.376799999999207
Wrong at 56, 411.140399999999943, 410.920399999999802
Wrong at 57, 419.694000000000131, 419.473999999999648
Wrong at 58, 428.247599999999409, 428.027599999999836
Wrong at 59, 436.801199999999994, 436.581200000000365
Wrong at 60, 410.744799999999714, 410.044799999999498
Wrong at 61, 419.298399999999731, 418.598399999999913
Wrong at 62, 427.851999999999919, 427.152000000000498
Wrong at 63, 436.405600000000732, 435.705600000000288
Wrong at 64, 410.769199999999557, 409.819199999999626
sum1 443942659.161408 sum2 443943210.866990
[5486121 ## mn299: 18721 ## Wed Sep 28 14:55:47 2016]  job_finished. use-time: 6.320688 (secs)
[5486143 ## mn319: 9420 ## Wed Sep 28 14:58:10 2016]  cnodenum= 1, job-resource-list: 29076
[5486143 ## mn319: 9420 ## Wed Sep 28 14:58:10 2016]  mnodenum= 1, mnodelist: mn[175]
[5486143 ## vn029076: 5585 ## Wed Sep 28 14:56:22 2016]  job's first task will run: /bin/sw3run -b 1 -K 1024 -s 6000 -m 1 -j 5486143 -F 0xFFFFFFFFFFFFFFFF -i ./example_asm 
B=128, Ni=192, No=128, Ri=10, Ci=10, Ro=8, Co=8, K=3
Init Data
Costride is 14
ldm comsumption is 57344
Begin ASM on accelerator.
Finish conv_p_simd_rc on accelerator. Time: 0.010210000s FLOPS:354.93425 GFLOPS
Begin conv on cpu. 
Finish conv on cpu. Time: 3.760584000s FLOPS:0.96365 GFLOPS
2 #### check GEMM Cversion VS Correct Cversion.
sum1 443943210.866990 sum2 443943210.866990
[5486143 ## mn319: 9420 ## Wed Sep 28 14:58:16 2016]  job_finished. use-time: 6.169635 (secs)
[5486161 ## mn019: 12548 ## Wed Sep 28 15:00:44 2016]  cnodenum= 1, job-resource-list: 29076
[5486161 ## mn019: 12548 ## Wed Sep 28 15:00:44 2016]  mnodenum= 1, mnodelist: mn[227]
[5486161 ## vn029076: 5599 ## Wed Sep 28 14:58:57 2016]  job's first task will run: /bin/sw3run -b 1 -K 1024 -s 6000 -m 1 -j 5486161 -F 0xFFFFFFFFFFFFFFFF -i ./example_asm 
B=128, Ni=192, No=128, Ri=10, Ci=10, Ro=8, Co=8, K=3
Init Data
Costride is 14
ldm comsumption is 57344
Begin ASM on accelerator.
Finish conv_p_simd_rc on accelerator. Time: 0.010205000s FLOPS:355.10815 GFLOPS
Begin conv on cpu. 
Finish conv on cpu. Time: 3.760660000s FLOPS:0.96363 GFLOPS
2 #### check GEMM Cversion VS Correct Cversion.
sum1 443943210.866990 sum2 443943210.866990
[5486161 ## mn019: 12548 ## Wed Sep 28 15:00:52 2016]  job_finished. use-time: 7.134930 (secs)
[5486187 ## mn045: 32297 ## Wed Sep 28 15:05:19 2016]  cnodenum= 1, job-resource-list: 30336
[5486187 ## mn045: 32297 ## Wed Sep 28 15:05:19 2016]  mnodenum= 1, mnodelist: mn[228]
[5486187 ## vn030336: 5746 ## Wed Sep 28 15:03:32 2016]  job's first task will run: /bin/sw3run -b 1 -K 1024 -s 6000 -m 1 -j 5486187 -F 0xFFFFFFFFFFFFFFFF -i ./example_asm 
B=128, Ni=128, No=128, Ri=10, Ci=10, Ro=8, Co=8, K=3
Init Data
Costride is 18
ldm comsumption is 57344
Begin ASM on accelerator.
Finish conv_p_simd_rc on accelerator. Time: 0.007612000s FLOPS:317.38296 GFLOPS
Begin conv on cpu. 
Finish conv on cpu. Time: 2.497740000s FLOPS:0.96724 GFLOPS
2 #### check GEMM Cversion VS Correct Cversion.
sum1 295930414.931046 sum2 295930414.931046
[5486187 ## mn045: 32297 ## Wed Sep 28 15:05:27 2016]  job_finished. use-time: 7.920301 (secs)
[5486194 ## mn052: 2195 ## Wed Sep 28 15:06:38 2016]  cnodenum= 1, job-resource-list: 29076
[5486194 ## mn052: 2195 ## Wed Sep 28 15:06:38 2016]  mnodenum= 1, mnodelist: mn[37]
[5486194 ## vn029076: 5607 ## Wed Sep 28 15:04:52 2016]  job's first task will run: /bin/sw3run -b 1 -K 1024 -s 6000 -m 1 -j 5486194 -F 0xFFFFFFFFFFFFFFFF -i ./example_asm 
B=128, Ni=128, No=128, Ri=10, Ci=10, Ro=8, Co=8, K=3
Init Data
Costride is 18
ldm comsumption is 57344
Begin ASM on accelerator.
Finish conv_p_simd_rc on accelerator. Time: 0.007615000s FLOPS:317.25792 GFLOPS
Begin conv on cpu. 
Finish conv on cpu. Time: 2.496783000s FLOPS:0.96761 GFLOPS
2 #### check GEMM Cversion VS Correct Cversion.
Wrong at 0, 275.747599999999636, 274.900000000000489
Wrong at 1, 281.450000000000387, 280.602399999999818
Wrong at 2, 287.152399999999773, 286.304800000000228
Wrong at 3, 292.854799999999614, 292.007199999999841
Wrong at 4, 272.717199999999650, 274.479599999999778
Wrong at 5, 278.419599999999832, 280.182000000000301
Wrong at 6, 284.121999999999559, 285.884399999999459
Wrong at 7, 289.824399999999684, 291.586799999999812
Wrong at 8, 272.276800000000378, 273.499200000000144
Wrong at 9, 277.979200000000105, 279.201599999999985
Wrong at 10, 283.681599999999548, 284.903999999999883
Wrong at 11, 289.383999999999844, 290.606399999999894
Wrong at 12, 273.686399999999992, 273.758799999999894
Wrong at 13, 279.388799999999776, 279.461199999999621
Wrong at 14, 285.091199999999901, 285.163599999999917
Wrong at 15, 290.793599999999685, 290.865999999999872
Wrong at 16, 275.196000000000254, 275.278400000000374
Wrong at 17, 280.898400000000208, 280.980799999999931
Wrong at 18, 286.600799999999708, 286.683199999999715
Wrong at 19, 292.303199999999890, 292.385600000000011
Wrong at 20, 274.205600000000118, 274.818000000000268
Wrong at 21, 279.908000000000243, 280.520399999999768
Wrong at 22, 285.610399999999800, 286.222799999999722
Wrong at 23, 291.312799999999982, 291.925199999999620
Wrong at 24, 275.415200000000141, 272.897600000000068
Wrong at 25, 281.117599999999925, 278.600000000000136
Wrong at 26, 286.820000000000050, 284.302399999999864
Wrong at 27, 292.522400000000061, 290.004800000000046
Wrong at 28, 276.474800000000187, 272.807199999999966
Wrong at 29, 282.177199999999516, 278.509599999999637
Wrong at 30, 287.879599999999868, 284.211999999999477
Wrong at 31, 293.581999999999880, 289.914400000000001
Wrong at 32, 273.944400000000314, 272.856800000000078
Wrong at 33, 279.646799999999757, 278.559199999999464
Wrong at 34, 285.349199999999826, 284.261600000000385
Wrong at 35, 291.051600000000008, 289.964000000000055
Wrong at 36, 273.954000000000178, 271.866400000000510
Wrong at 37, 279.656399999999564, 277.568799999999840
Wrong at 38, 285.358800000000144, 283.271199999999567
Wrong at 39, 291.061199999999985, 288.973599999999863
Wrong at 40, 273.813599999999894, 272.576000000000022
Wrong at 41, 279.515999999999735, 278.278399999999976
Wrong at 42, 285.218400000000202, 283.980799999999704
Wrong at 43, 290.920800000000042, 289.683200000000113
Wrong at 44, 274.503199999999936, 274.115600000000200
Wrong at 45, 280.205599999999606, 279.817999999999643
Wrong at 46, 285.907999999999731, 285.520400000000336
Wrong at 47, 291.610399999999856, 291.222800000000120
Wrong at 48, 274.562799999999584, 274.155200000000093
Wrong at 49, 280.265199999999993, 279.857599999999707
Wrong at 50, 285.967599999999152, 285.559999999999320
Wrong at 51, 291.669999999999959, 291.262400000000355
Wrong at 52, 274.222399999999539, 272.694799999999930
Wrong at 53, 279.924799999999948, 278.397199999999884
Wrong at 54, 285.627199999999675, 284.099599999999725
Wrong at 55, 291.329600000000255, 289.802000000000419
Wrong at 56, 274.732000000000028, 273.054400000000328
Wrong at 57, 280.434399999999755, 278.756799999999998
Wrong at 58, 286.136799999999141, 284.459200000000067
Wrong at 59, 291.839200000000233, 290.161600000000021
Wrong at 60, 271.701600000000155, 273.133999999999787
Wrong at 61, 277.403999999999940, 278.836399999999969
Wrong at 62, 283.106399999999724, 284.538799999999753
Wrong at 63, 288.808800000000303, 290.241199999999992
Wrong at 64, 270.751200000000495, 272.173600000000022
sum1 295938670.982500 sum2 295930414.931046
[5486194 ## mn052: 2195 ## Wed Sep 28 15:06:46 2016]  job_finished. use-time: 6.337065 (secs)
[5486198 ## mn056: 25240 ## Wed Sep 28 15:08:47 2016]  cnodenum= 1, job-resource-list: 29077
[5486198 ## mn056: 25240 ## Wed Sep 28 15:08:47 2016]  mnodenum= 1, mnodelist: mn[232]
[5486198 ## vn029077: 5259 ## Wed Sep 28 15:07:00 2016]  job's first task will run: /bin/sw3run -b 1 -K 1024 -s 6000 -m 1 -j 5486198 -F 0xFFFFFFFFFFFFFFFF -i ./example_asm 
B=128, Ni=128, No=128, Ri=10, Ci=10, Ro=8, Co=8, K=3
Init Data
Costride is 18
ldm comsumption is 57344
Begin ASM on accelerator.
Finish conv_p_simd_rc on accelerator. Time: 0.007609000s FLOPS:317.50809 GFLOPS
Begin conv on cpu. 
Finish conv on cpu. Time: 2.496957000s FLOPS:0.96755 GFLOPS
2 #### check GEMM Cversion VS Correct Cversion.
sum1 295930414.931046 sum2 295930414.931046
[5486198 ## mn056: 25240 ## Wed Sep 28 15:08:54 2016]  job_finished. use-time: 6.222332 (secs)
[5486225 ## mn083: 1969 ## Wed Sep 28 15:16:26 2016]  cnodenum= 1, job-resource-list: 29077
[5486225 ## mn083: 1969 ## Wed Sep 28 15:16:26 2016]  mnodenum= 1, mnodelist: mn[91]
[5486225 ## vn029077: 5289 ## Wed Sep 28 15:14:38 2016]  job's first task will run: /bin/sw3run -b 1 -K 1024 -s 6000 -m 1 -j 5486225 -F 0xFFFFFFFFFFFFFFFF -i ./example_asm 
[5486225 ## Wed Sep 28 15:16:27 2016] warning: cg [29077]: user's mpe task: tid= 0, pid= 5289, terminated by sig 11
[5486225 ## mn083: 1969 ## Wed Sep 28 15:16:33 2016]  job_finished. use-time: 6.244591 (secs)
[5486229 ## mn087: 8638 ## Wed Sep 28 15:17:52 2016]  cnodenum= 1, job-resource-list: 29077
[5486229 ## mn087: 8638 ## Wed Sep 28 15:17:52 2016]  mnodenum= 1, mnodelist: mn[164]
[5486229 ## vn029077: 5297 ## Wed Sep 28 15:16:04 2016]  job's first task will run: /bin/sw3run -b 1 -K 1024 -s 6000 -m 1 -j 5486229 -F 0xFFFFFFFFFFFFFFFF -i ./example_asm 3 8 8 128 128 128 
B=128, Ni=128, No=128, Ri=10, Ci=10, Ro=8, Co=8, K=3
Init Data
Costride is 18
ldm comsumption is 57344
Begin ASM on accelerator.
Finish conv_p_simd_rc on accelerator. Time: 0.007464000s FLOPS:323.67619 GFLOPS
Begin conv on cpu. 
Finish conv on cpu. Time: 21.703824000s FLOPS:0.11131 GFLOPS
2 #### check GEMM Cversion VS Correct Cversion.
sum1 295930414.931046 sum2 295930414.931046
[5486229 ## mn087: 8638 ## Wed Sep 28 15:18:19 2016]  job_finished. use-time: 27.288206 (secs)
[5486822 ## mn278: 10976 ## Wed Sep 28 16:33:38 2016]  cnodenum= 1, job-resource-list: 17402
[5486822 ## mn278: 10976 ## Wed Sep 28 16:33:38 2016]  mnodenum= 1, mnodelist: mn[226]
[5486822 ## vn017402: 3225 ## Wed Sep 28 16:33:38 2016]  job's first task will run: /bin/sw3run -b 1 -K 1024 -s 6000 -m 1 -j 5486822 -F 0xFFFFFFFFFFFFFFFF -i ./example_asm 3 8 8 128 128 128 
B=128, Ni=128, No=128, Ri=10, Ci=10, Ro=8, Co=8, K=3
Init Data
Matrix of size 128 X 128
Begin Test Multiple DMA Read
Total Read Time:0.001562000s, bandwidth is :16.782585144 GBps
Costride is 18
ldm comsumption is 57344
Begin ASM on accelerator.
Finish conv_p_simd_rc on accelerator. Time: 0.007466000s FLOPS:323.58948 GFLOPS
Begin conv on cpu. 
Finish conv on cpu. Time: 21.668233000s FLOPS:0.11150 GFLOPS
2 #### check GEMM Cversion VS Correct Cversion.
sum1 295930414.931046 sum2 295930414.931046
[5486822 ## mn278: 10976 ## Wed Sep 28 16:34:05 2016]  job_finished. use-time: 26.248806 (secs)
[5487170 ## mn188: 17346 ## Wed Sep 28 17:13:28 2016]  cnodenum= 1, job-resource-list: 29957
[5487170 ## mn188: 17346 ## Wed Sep 28 17:13:28 2016]  mnodenum= 1, mnodelist: mn[109]
[5487170 ## vn029957: 5930 ## Wed Sep 28 17:11:46 2016]  job's first task will run: /bin/sw3run -b 1 -K 1024 -s 6000 -m 1 -j 5487170 -F 0xFFFFFFFFFFFFFFFF -i ./example_asm 3 8 8 320 128 128 
B=128, Ni=320, No=128, Ri=10, Ci=10, Ro=8, Co=8, K=3
Init Data
Matrix of size 128 X 320
Begin Test Multiple DMA Read
Total Read Time:0.003043000s, bandwidth is :21.536643982 GBps
Costride is 6
ldm comsumption is 57344
Begin ASM on accelerator.
SPE 0 exception !
Illegal instruction
The exact shot pc is : 4ff0a9fbf8
SPE 1 exception !
Illegal instruction
The exact shot pc is : 4ff0d2f1fc
SPE 2 exception !
Illegal instruction
The exact shot pc is : 4ff0fbe7fc
SPE 3 exception !
Illegal instruction
The exact shot pc is : 4ff05810f8
SPE 4 exception !
Illegal instruction
The exact shot pc is : 4ff0810678
SPE 5 exception !
Illegal instruction
The exact shot pc is : 4ff0a9fbf8
SPE 6 exception !
Illegal instruction
The exact shot pc is : 4ff0d2f1fc
SPE 7 exception !
Illegal instruction
The exact shot pc is : 4ff0fbe7fc
SPE 8 exception !
Illegal instruction
The exact shot pc is : 4ff0147afc
SPE 9 exception !
Illegal instruction
The exact shot pc is : 4ff0fffffc
SPE 10 exception !
Illegal instruction
The exact shot pc is : 4ff0eb857c
SPE 11 exception !
Illegal instruction
The exact shot pc is : 4ff03d70fc
SPE 12 exception !
Illegal instruction
The exact shot pc is : 4ff028f5fc
SPE 13 exception !
Illegal instruction
The exact shot pc is : 4ff0147afc
SPE 14 exception !
Illegal instruction
The exact shot pc is : 4ff0fffffc
SPE 15 exception !
Illegal instruction
The exact shot pc is : 4ff0eb857c
SPE 16 exception !
Illegal instruction
The exact shot pc is : 4ff06041f8
SPE 17 exception !
Illegal instruction
The exact shot pc is : 4ff00e5638
SPE 18 exception !
Illegal instruction
The exact shot pc is : 4ff0bc6ab8
SPE 19 exception !
Illegal instruction
The exact shot pc is : 4ff00418f8
SPE 20 exception !
Illegal instruction
The exact shot pc is : 4ff0b22d7c
SPE 21 exception !
Illegal instruction
The exact shot pc is : 4ff06041f8
SPE 22 exception !
Illegal instruction
The exact shot pc is : 4ff00e5638
SPE 23 exception !
Illegal instruction
The exact shot pc is : 4ff0bc6ab8
SPE 24 exception !
Unaligned exception
The exact shot pc is : 4ff045a1fc
SPE 25 exception !
Illegal instruction
The exact shot pc is : 4ff0b645f8
SPE 26 exception !
Illegal instruction
The exact shot pc is : 4ff026e9fc
SPE 27 exception !
Illegal instruction
The exact shot pc is : 4ff0645a78
SPE 28 exception !
Illegal instruction
The exact shot pc is : 4ff0d4fdf8
SPE 29 exception !
Unaligned exception
The exact shot pc is : 4ff045a1fc
SPE 30 exception !
Illegal instruction
The exact shot pc is : 4ff0b645f8
SPE 31 exception !
Illegal instruction
The exact shot pc is : 4ff026e9fc
SPE 32 exception !
Illegal instruction
The exact shot pc is : 4ff00c49f8
SPE 33 exception !
Illegal instruction
The exact shot pc is : 4ff03f7cfc
SPE 34 exception !
Illegal instruction
The exact shot pc is : 4ff072b07c
SPE 35 exception !
Illegal instruction
The exact shot pc is : 4ff0a5e3f8
SPE 36 exception !
Illegal instruction
The exact shot pc is : 4ff0d916bc
SPE 37 exception !
Illegal instruction
The exact shot pc is : 4ff00c49f8
SPE 38 exception !
Illegal instruction
The exact shot pc is : 4ff03f7cfc
SPE 39 exception !
Illegal instruction
The exact shot pc is : 4ff072b07c
SPE 40 exception !
Illegal instruction
The exact shot pc is : 4ff01062f8
SPE 41 exception !
Illegal instruction
The exact shot pc is : 4ff0395878
SPE 42 exception !
Illegal instruction
The exact shot pc is : 4ff0624df8
SPE 43 exception !
Illegal instruction
The exact shot pc is : 4ff0be76f8
SPE 44 exception !
Illegal instruction
The exact shot pc is : 4ff0e76cfc
SPE 45 exception !
Illegal instruction
The exact shot pc is : 4ff01062f8
SPE 46 exception !
Illegal instruction
The exact shot pc is : 4ff0395878
SPE 47 exception !
Illegal instruction
The exact shot pc is : 4ff0624df8
SPE 48 exception !
Illegal instruction
The exact shot pc is : 4ff051ebbc
SPE 49 exception !
Illegal instruction
The exact shot pc is : 4ff03d70fc
SPE 50 exception !
Illegal instruction
The exact shot pc is : 4ff028f5fc
SPE 51 exception !
Illegal instruction
The exact shot pc is : 4ff07ae17c
SPE 52 exception !
Illegal instruction
The exact shot pc is : 4ff06666fc
SPE 53 exception !
Illegal instruction
The exact shot pc is : 4ff051ebbc
SPE 54 exception !
Illegal instruction
The exact shot pc is : 4ff03d70fc
SPE 55 exception !
Illegal instruction
The exact shot pc is : 4ff028f5fc
SPE 56 exception !
Unaligned exception
The exact shot pc is : 4ff04bc6fc
SPE 57 exception !
Illegal instruction
The exact shot pc is : 4ff0f9db78
SPE 58 exception !
Illegal instruction
The exact shot pc is : 4ff0a7effc
SPE 59 exception !
Illegal instruction
The exact shot pc is : 4ff0ef9df8
SPE 60 exception !
Illegal instruction
The exact shot pc is : 4ff09db278
SPE 61 exception !
Unaligned exception
The exact shot pc is : 4ff04bc6fc
SPE 62 exception !
Illegal instruction
The exact shot pc is : 4ff0f9db78
SPE 63 exception !
Illegal instruction
The exact shot pc is : 4ff0a7effc
catch exception: slave_bitmap 0x-1 will be stopped
[5487170 ## mn188: 17346 ## Wed Sep 28 17:13:35 2016]  job_finished. use-time: 6.333717 (secs)
[5487561 ## mn170: 17757 ## Wed Sep 28 17:17:09 2016]  cnodenum= 1, job-resource-list: 29973
[5487561 ## mn170: 17757 ## Wed Sep 28 17:17:09 2016]  mnodenum= 1, mnodelist: mn[186]
[5487561 ## vn029973: 5665 ## Wed Sep 28 17:15:10 2016]  job's first task will run: /bin/sw3run -b 1 -K 1024 -s 6000 -m 1 -j 5487561 -F 0xFFFFFFFFFFFFFFFF -i ./example_asm 3 8 8 320 128 128 
B=128, Ni=320, No=128, Ri=10, Ci=10, Ro=8, Co=8, K=3
Init Data
Matrix of size 128 X 320
Begin Test Multiple DMA Read
Total Read Time:0.003024000s, bandwidth is :21.671958923 GBps
Costride is 6
ldm comsumption is 57344
Begin ASM on accelerator.
Finish conv_p_simd_rc on accelerator. Time: 0.017431000s FLOPS:346.49749 GFLOPS
Begin conv on cpu. 
Finish conv on cpu. Time: 54.423822000s FLOPS:0.11098 GFLOPS
2 #### check GEMM Cversion VS Correct Cversion.
sum1 739975114.240705 sum2 739975114.240705
[5487561 ## mn170: 17757 ## Wed Sep 28 17:18:17 2016]  job_finished. use-time: 67.327860 (secs)
[5487977 ## mn190: 743 ## Wed Sep 28 17:22:08 2016]  cnodenum= 1, job-resource-list: 29957
[5487977 ## mn190: 743 ## Wed Sep 28 17:22:08 2016]  mnodenum= 1, mnodelist: mn[42]
[5487977 ## vn029957: 5971 ## Wed Sep 28 17:20:26 2016]  job's first task will run: /bin/sw3run -b 1 -K 1024 -s 6000 -m 1 -j 5487977 -F 0xFFFFFFFFFFFFFFFF -i ./example_asm 3 8 8 320 128 128 
B=128, Ni=320, No=128, Ri=10, Ci=10, Ro=8, Co=8, K=3
Init Data
Matrix of size 128 X 320
Begin Test Multiple DMA Read
Total Read Time:0.003057000s, bandwidth is :21.438011169 GBps
Costride is 5
ldm comsumption is 55296
Begin ASM on accelerator.
Finish conv_p_simd_rc on accelerator. Time: 0.017434000s FLOPS:346.43787 GFLOPS
Begin conv on cpu. 
Finish conv on cpu. Time: 54.415181000s FLOPS:0.11099 GFLOPS
2 #### check GEMM Cversion VS Correct Cversion.
sum1 739975114.240705 sum2 739975114.240705
[5487977 ## mn190: 743 ## Wed Sep 28 17:23:28 2016]  job_finished. use-time: 80.280521 (secs)
[5639341 ## mn296: 15244 ## Sat Oct 15 16:31:20 2016]  cnodenum= 1, job-resource-list: 941
[5639341 ## mn296: 15244 ## Sat Oct 15 16:31:20 2016]  mnodenum= 1, mnodelist: mn[260]
[5639341 ## vn000941: 10064 ## Sat Oct 15 16:31:20 2016]  job's first task will run: /bin/sw3run -b 1 -K 1024 -s 6000 -m 1 -j 5639341 -F 0xFFFFFFFFFFFFFFFF -i ./example_asm 3 8 8 320 128 128 
B=128, Ni=320, No=128, Ri=10, Ci=10, Ro=8, Co=8, K=3
Init Data
Matrix of size 128 X 320
Begin Test Multiple DMA Read
Total Read Time:0.003072000s, bandwidth is :21.333332062 GBps
Costride is 5
ldm comsumption is 55296
Begin ASM on accelerator.
Finish conv_p_simd_rc on accelerator. Time: 0.017438000s FLOPS:346.35840 GFLOPS
Begin conv on cpu. 
Finish conv on cpu. Time: 54.400919000s FLOPS:0.11102 GFLOPS
2 #### check GEMM Cversion VS Correct Cversion.
sum1 739975114.240705 sum2 739975114.240705
[5639341 ## mn296: 15244 ## Sat Oct 15 16:32:21 2016]  job_finished. use-time: 60.496838 (secs)
[5639440 ## mn087: 22605 ## Sat Oct 15 16:46:19 2016]  cnodenum= 1, job-resource-list: 186
[5639440 ## mn087: 22605 ## Sat Oct 15 16:46:19 2016]  mnodenum= 1, mnodelist: mn[15]
[5639440 ## vn000186: 2447 ## Sat Oct 15 16:43:45 2016]  job's first task will run: ./sw3run-all -b 1 -K 1024 -T 28000 -m 1 -j 5639440 -F 0xFFFFFFFFFFFFFFFF -a 1 -i ./example_asm 3 8 8 320 128 128 
vn000186: exec_task:  execvp(./sw3run-all) failed. errno= 2, reason: No such file or directory
[5639440 ## Sat Oct 15 16:46:19 2016] warning: cg [186]: user's mpe task: tid= 0, pid= 2447, exit_code= 2
[5639440 ## mn087: 22605 ## Sat Oct 15 16:46:25 2016]  job_finished. use-time: 6.194303 (secs)
[5639440 ## Sat Oct 15 16:46:26 2016] receive request of kill job(Crtl`C).
[5639444 ## mn091: 26952 ## Sat Oct 15 16:47:05 2016]  cnodenum= 1, job-resource-list: 128
[5639444 ## mn091: 26952 ## Sat Oct 15 16:47:05 2016]  mnodenum= 1, mnodelist: mn[246]
[5639444 ## vn000128: 9114 ## Sat Oct 15 16:44:06 2016]  job's first task will run: ./sw3run-all -b 1 -K 1024 -T 28000 -m 1 -j 5639444 -F 0xFFFFFFFFFFFFFFFF -a 1 -i ./example_asm 3 8 8 320 128 128 
************* All-chip share mode *************
Erorr: Maybe shouldn't use -a !
[5639444 ## Sat Oct 15 16:47:08 2016] warning: cg [128]: user's mpe task: tid= 0, pid= 9114, terminated by sig 11
[5639444 ## mn091: 26952 ## Sat Oct 15 16:47:11 2016]  job_finished. use-time: 6.201779 (secs)
[5639453 ## mn105: 7517 ## Sat Oct 15 16:49:20 2016]  cnodenum= 1, job-resource-list: 128
[5639453 ## mn105: 7517 ## Sat Oct 15 16:49:20 2016]  mnodenum= 1, mnodelist: mn[112]
[5639453 ## vn000128: 9169 ## Sat Oct 15 16:46:21 2016]  job's first task will run: ./sw3run-all -b 1 -K 1024 -T 28000 -m 1 -j 5639453 -F 0xFFFFFFFFFFFFFFFF -a 1 -i ./example_asm 3 8 8 320 128 128 
************* All-chip share mode *************
0 : task.taskno 9169
B=128, Ni=320, No=128, Ri=10, Ci=10, Ro=8, Co=8, K=3
Init Data
Matrix of size 128 X 320
Begin Test Multiple DMA Read
Total Read Time:0.002792000s, bandwidth is :23.472778320 GBps
Costride is 5
ldm comsumption is 55296
Begin ASM on accelerator.
Finish conv_p_simd_rc on accelerator. Time: 0.016125000s FLOPS:374.56110 GFLOPS
Begin conv on cpu. 
Finish conv on cpu. Time: 54.546712000s FLOPS:0.11073 GFLOPS
2 #### check GEMM Cversion VS Correct Cversion.
sum1 739975114.240705 sum2 739975114.240705
[5639453 ## mn105: 7517 ## Sat Oct 15 16:50:21 2016]  job_finished. use-time: 61.278355 (secs)
[5639472 ## mn132: 3304 ## Sat Oct 15 16:55:03 2016]  cnodenum= 1, job-resource-list: 128
[5639472 ## mn132: 3304 ## Sat Oct 15 16:55:03 2016]  mnodenum= 1, mnodelist: mn[211]
[5639472 ## vn000128: 9269 ## Sat Oct 15 16:52:04 2016]  job's first task will run: ./sw3run-all -b 1 -K 1024 -T 28000 -m 1 -j 5639472 -F 0xFFFFFFFFFFFFFFFF -a 1 -i ./example_asm 3 8 8 320 128 128 
************* All-chip share mode *************
0 : task.taskno 9269
B=128, Ni=320, No=128, Ri=10, Ci=10, Ro=8, Co=8, K=3
Init Data
Costride is 5
ldm comsumption is 55296
Matrix of size 128 X 320
Begin Test Multiple DMA Read
Total Read Time:0.002845000s, bandwidth is :23.035501480 GBps
Begin ASM on accelerator.
set thread affinity to core 0 successful!
set thread affinity to core 12 successful!
set thread affinity to core 8 successful!
set thread affinity to core 4 successful!
CG  vn000128 exception !
SDLB transform exception
ERROR, NO SPE EXCEPTION!
[5639472 ## Sat Oct 15 16:55:48 2016] receive request of kill job(Crtl`C).
[5639472 ## Sat Oct 15 16:55:49 2016] receive request of kill job(Crtl`C).
[5639472 ## Sat Oct 15 16:55:49 2016] receive request of kill job(Crtl`C).
[5639472 ## Sat Oct 15 16:55:49 2016] receive request of kill job(Crtl`C).
[5639472 ## Sat Oct 15 16:55:49 2016] receive request of kill job(Crtl`C).
[5639472 ## Sat Oct 15 16:55:50 2016] receive request of kill job(Crtl`C).
[5639472 ## Sat Oct 15 16:55:50 2016] receive request of kill job(Crtl`C).
[5639472 ## Sat Oct 15 16:55:51 2016] receive request of kill job(Crtl`C).
[5639472 ## mn132: 3304 ## Sat Oct 15 16:55:51 2016]  job_finished. use-time: 47.280590 (secs)
[5639489 ## mn151: 10598 ## Sat Oct 15 16:57:41 2016]  cnodenum= 1, job-resource-list: 186
[5639489 ## mn151: 10598 ## Sat Oct 15 16:57:41 2016]  mnodenum= 1, mnodelist: mn[272]
[5639489 ## vn000186: 2509 ## Sat Oct 15 16:55:08 2016]  job's first task will run: ./sw3run-all -b 1 -K 1024 -T 28000 -m 1 -j 5639489 -F 0xFFFFFFFFFFFFFFFF -a 1 -i ./example_asm 3 8 8 320 128 128 
************* All-chip share mode *************
0 : task.taskno 2509
B=128, Ni=320, No=128, Ri=10, Ci=10, Ro=8, Co=8, K=3
Init Data
Costride is 5
ldm comsumption is 55296
Matrix of size 128 X 320
Begin Test Multiple DMA Read
Total Read Time:0.002708000s, bandwidth is :24.200885773 GBps
Begin ASM on accelerator.
set thread affinity to core 0 successful!
set thread affinity to core 12 successful!
set thread affinity to core 8 successful!
set thread affinity to core 4 successful!
CG  vn000186 exception !
SDLB transform exception
ERROR, NO SPE EXCEPTION!
[5639489 ## Sat Oct 15 16:58:34 2016] receive request of kill job(Crtl`C).
[5639489 ## Sat Oct 15 16:58:35 2016] receive request of kill job(Crtl`C).
[5639489 ## Sat Oct 15 16:58:35 2016] receive request of kill job(Crtl`C).
[5639489 ## Sat Oct 15 16:58:35 2016] receive request of kill job(Crtl`C).
[5639489 ## Sat Oct 15 16:58:35 2016] receive request of kill job(Crtl`C).
[5639489 ## Sat Oct 15 16:58:39 2016] receive request of kill job(Crtl`C).
[5639489 ## mn151: 10598 ## Sat Oct 15 16:58:39 2016]  job_finished. use-time: 57.997149 (secs)
[5639521 ## mn186: 17757 ## Sat Oct 15 17:02:47 2016]  cnodenum= 1, job-resource-list: 128
[5639521 ## mn186: 17757 ## Sat Oct 15 17:02:47 2016]  mnodenum= 1, mnodelist: mn[169]
[5639521 ## vn000128: 9450 ## Sat Oct 15 16:59:48 2016]  job's first task will run: ./sw3run-all -b 1 -K 1024 -T 28000 -m 1 -j 5639521 -F 0xFFFFFFFFFFFFFFFF -a 1 -i ./example_asm 3 8 8 320 128 128 
************* All-chip share mode *************
0 : task.taskno 9450
B=128, Ni=320, No=128, Ri=10, Ci=10, Ro=8, Co=8, K=3
Init Data
Costride is 5
ldm comsumption is 55296
Matrix of size 128 X 320
Begin Test Multiple DMA Read
Total Read Time:0.002730000s, bandwidth is :24.005859375 GBps
Begin ASM on accelerator.
set thread affinity to core 4 successful!
CG  vn000128 exception !
Unknown Exception          x  p  x  p [5639521 ## Sat Oct 15 17:02:54 2016] receive request of kill job(Crtl`C).
[5639521 ## Sat Oct 15 17:02:55 2016] receive request of kill job(Crtl`C).
[5639521 ## Sat Oct 15 17:02:55 2016] receive request of kill job(Crtl`C).
[5639521 ## Sat Oct 15 17:02:55 2016] receive request of kill job(Crtl`C).
[5639521 ## Sat Oct 15 17:02:55 2016] receive request of kill job(Crtl`C).
[5639521 ## Sat Oct 15 17:02:55 2016] receive request of kill job(Crtl`C).
[5639521 ## Sat Oct 15 17:02:55 2016] receive request of kill job(Crtl`C).
[5639521 ## Sat Oct 15 17:02:55 2016] receive request of kill job(Crtl`C).
[5639521 ## Sat Oct 15 17:02:56 2016] receive request of kill job(Crtl`C).
[5639521 ## Sat Oct 15 17:02:57 2016] receive request of kill job(Crtl`C).
[5639521 ## mn186: 17757 ## Sat Oct 15 17:02:57 2016]  job_finished. use-time: 9.250977 (secs)
[5639521 ## Sat Oct 15 17:02:57 2016] receive request of kill job(Crtl`C).
[5639521 ## Sat Oct 15 17:02:57 2016] receive request of kill job(Crtl`C).
[5639529 ## mn194: 19127 ## Sat Oct 15 17:04:21 2016]  cnodenum= 1, job-resource-list: 128
[5639529 ## mn194: 19127 ## Sat Oct 15 17:04:21 2016]  mnodenum= 1, mnodelist: mn[310]
[5639529 ## vn000128: 9497 ## Sat Oct 15 17:01:22 2016]  job's first task will run: ./sw3run-all -b 1 -K 1024 -T 28000 -m 1 -j 5639529 -F 0xFFFFFFFFFFFFFFFF -a 1 -i ./example_asm 3 32 8 320 128 128 
************* All-chip share mode *************
0 : task.taskno 9497
B=128, Ni=320, No=128, Ri=34, Ci=10, Ro=32, Co=8, K=3
Init Data
Costride is 5
ldm comsumption is 55296
Matrix of size 128 X 320
Begin Test Multiple DMA Read
Total Read Time:0.002734000s, bandwidth is :23.970737457 GBps
Begin ASM on accelerator.
set thread affinity to core 4 successful!
CG  vn000128 exception !
Unknown Exception 23.9Q       x  `  x  ` [5639529 ## Sat Oct 15 17:04:43 2016] receive request of kill job(Crtl`C).
[5639529 ## Sat Oct 15 17:04:43 2016] receive request of kill job(Crtl`C).
[5639529 ## Sat Oct 15 17:04:44 2016] receive request of kill job(Crtl`C).
[5639529 ## Sat Oct 15 17:04:44 2016] receive request of kill job(Crtl`C).
[5639529 ## Sat Oct 15 17:04:44 2016] receive request of kill job(Crtl`C).
[5639529 ## Sat Oct 15 17:04:48 2016] receive request of kill job(Crtl`C).
[5639529 ## mn194: 19127 ## Sat Oct 15 17:04:48 2016]  job_finished. use-time: 26.556198 (secs)
[5639529 ## Sat Oct 15 17:04:48 2016] receive request of kill job(Crtl`C).
[5639535 ## mn201: 30797 ## Sat Oct 15 17:07:08 2016]  cnodenum= 1, job-resource-list: 128
[5639535 ## mn201: 30797 ## Sat Oct 15 17:07:08 2016]  mnodenum= 1, mnodelist: mn[93]
[5639535 ## vn000128: 9506 ## Sat Oct 15 17:04:09 2016]  job's first task will run: ./sw3run-all -b 1 -K 1024 -T 28000 -m 1 -j 5639535 -F 0xFFFFFFFFFFFFFFFF -a 1 -i ./example_asm 3 32 8 320 128 128 
************* All-chip share mode *************
0 : task.taskno 9506
B=128, Ni=320, No=128, Ri=34, Ci=10, Ro=32, Co=8, K=3
Init Data
Costride is 5
ldm comsumption is 55296
Matrix of size 128 X 320
Begin Test Multiple DMA Read
AHTREAD-LIB:Assertion Failed at file:athread_spawn.c line:300 
::NO athread_init! you shouled invoke athread_init before athread_spawn!
[5639535 ## mn201: 30797 ## Sat Oct 15 17:07:14 2016]  job_finished. use-time: 6.238215 (secs)
[5639540 ## mn207: 12295 ## Sat Oct 15 17:08:26 2016]  cnodenum= 1, job-resource-list: 187
[5639540 ## mn207: 12295 ## Sat Oct 15 17:08:26 2016]  mnodenum= 1, mnodelist: mn[245]
[5639540 ## vn000187: 2348 ## Sat Oct 15 17:05:53 2016]  job's first task will run: ./sw3run-all -b 1 -K 1024 -T 28000 -m 1 -j 5639540 -F 0xFFFFFFFFFFFFFFFF -a 1 -i ./example_asm 3 32 8 320 128 128 
************* All-chip share mode *************
0 : task.taskno 2348
B=128, Ni=320, No=128, Ri=34, Ci=10, Ro=32, Co=8, K=3
Init Data
Costride is 5
ldm comsumption is 55296
Matrix of size 128 X 320
Begin Test Multiple DMA Read
Total Read Time:0.002773000s, bandwidth is :23.633611679 GBps
Begin ASM on accelerator.
set thread affinity to core 0 successful!
AHTREAD-LIB:Assertion Failed at file:athread_spawn.c line:300 
::NO athread_init! you shouled invoke athread_init before athread_spawn!
[5639540 ## mn207: 12295 ## Sat Oct 15 17:12:27 2016]  job_finished. use-time: 240.468261 (secs)
[5639582 ## mn250: 9976 ## Sat Oct 15 17:15:41 2016]  cnodenum= 1, job-resource-list: 186
[5639582 ## mn250: 9976 ## Sat Oct 15 17:15:41 2016]  mnodenum= 1, mnodelist: mn[74]
[5639582 ## vn000186: 2574 ## Sat Oct 15 17:13:08 2016]  job's first task will run: ./sw3run-all -b 1 -K 1024 -T 28000 -m 1 -j 5639582 -F 0xFFFFFFFFFFFFFFFF -a 1 -i ./example_asm 3 32 8 320 128 128 
************* All-chip share mode *************
0 : task.taskno 2574
B=128, Ni=320, No=128, Ri=34, Ci=10, Ro=32, Co=8, K=3
Init Data
Costride is 5
ldm comsumption is 55296
Matrix of size 128 X 320
Begin Test Multiple DMA Read
Total Read Time:0.002697000s, bandwidth is :24.299591064 GBps
Begin ASM on accelerator.
set thread affinity to core 0 successful!
AHTREAD-LIB:Assertion Failed at file:athread_spawn.c line:300 
::NO athread_init! you shouled invoke athread_init before athread_spawn!
[5639582 ## mn250: 9976 ## Sat Oct 15 17:15:47 2016]  job_finished. use-time: 6.231400 (secs)
[5639591 ## mn260: 23143 ## Sat Oct 15 17:16:50 2016]  cnodenum= 1, job-resource-list: 186
[5639591 ## mn260: 23143 ## Sat Oct 15 17:16:50 2016]  mnodenum= 1, mnodelist: mn[128]
[5639591 ## vn000186: 2590 ## Sat Oct 15 17:14:17 2016]  job's first task will run: ./sw3run-all -b 1 -K 1024 -T 28000 -m 1 -j 5639591 -F 0xFFFFFFFFFFFFFFFF -a 1 -i ./example_asm 3 32 8 320 128 128 
************* All-chip share mode *************
0 : task.taskno 2590
B=128, Ni=320, No=128, Ri=34, Ci=10, Ro=32, Co=8, K=3
Init Data
Costride is 5
ldm comsumption is 55296
Matrix of size 128 X 320
Begin Test Multiple DMA Read
Total Read Time:0.002783000s, bandwidth is :23.548688889 GBps
Begin ASM on accelerator.
set thread affinity to core 0 successful!
set thread affinity to core 12 successful!
set thread affinity to core 8 successful!
set thread affinity to core 4 successful!
Finish conv_p_simd_rc on accelerator. Time: 0.026643000s FLOPS:906.77443 GFLOPS
Begin conv on cpu. 
[5639591 ## Sat Oct 15 17:19:19 2016] receive request of kill job(Crtl`C).
[5639591 ## Sat Oct 15 17:19:20 2016] receive request of kill job(Crtl`C).
[5639591 ## Sat Oct 15 17:19:20 2016] receive request of kill job(Crtl`C).
[5639591 ## Sat Oct 15 17:19:20 2016] receive request of kill job(Crtl`C).
[5639591 ## Sat Oct 15 17:19:20 2016] receive request of kill job(Crtl`C).
[5639591 ## Sat Oct 15 17:19:21 2016] receive request of kill job(Crtl`C).
[5639591 ## Sat Oct 15 17:19:21 2016] receive request of kill job(Crtl`C).
[5639591 ## Sat Oct 15 17:19:21 2016] receive request of kill job(Crtl`C).
[5639591 ## Sat Oct 15 17:19:21 2016] receive request of kill job(Crtl`C).
[5639591 ## Sat Oct 15 17:19:21 2016] receive request of kill job(Crtl`C).
[5639591 ## Sat Oct 15 17:19:21 2016] receive request of kill job(Crtl`C).
[5639591 ## Sat Oct 15 17:19:21 2016] receive request of kill job(Crtl`C).
[5639591 ## Sat Oct 15 17:19:21 2016] receive request of kill job(Crtl`C).
[5639591 ## Sat Oct 15 17:19:21 2016] receive request of kill job(Crtl`C).
[5639591 ## Sat Oct 15 17:19:21 2016] receive request of kill job(Crtl`C).
[5639591 ## Sat Oct 15 17:19:21 2016] receive request of kill job(Crtl`C).
[5639591 ## Sat Oct 15 17:19:21 2016] receive request of kill job(Crtl`C).
[5639591 ## Sat Oct 15 17:19:21 2016] receive request of kill job(Crtl`C).
[5639591 ## Sat Oct 15 17:19:21 2016] receive request of kill job(Crtl`C).
[5639591 ## Sat Oct 15 17:19:21 2016] receive request of kill job(Crtl`C).
[5639591 ## Sat Oct 15 17:19:21 2016] receive request of kill job(Crtl`C).
[5639591 ## Sat Oct 15 17:19:21 2016] receive request of kill job(Crtl`C).
[5639591 ## Sat Oct 15 17:19:21 2016] receive request of kill job(Crtl`C).
[5639591 ## Sat Oct 15 17:19:22 2016] receive request of kill job(Crtl`C).
[5639591 ## Sat Oct 15 17:19:22 2016] receive request of kill job(Crtl`C).
[5639591 ## mn260: 23143 ## Sat Oct 15 17:19:22 2016]  job_finished. use-time: 151.794990 (secs)
[5639591 ## Sat Oct 15 17:19:22 2016] receive request of kill job(Crtl`C).
[5639591 ## Sat Oct 15 17:19:22 2016] receive request of kill job(Crtl`C).
[5639605 ## mn276: 16583 ## Sat Oct 15 17:19:59 2016]  cnodenum= 1, job-resource-list: 128
[5639605 ## mn276: 16583 ## Sat Oct 15 17:19:59 2016]  mnodenum= 1, mnodelist: mn[48]
[5639605 ## vn000128: 9788 ## Sat Oct 15 17:17:00 2016]  job's first task will run: ./sw3run-all -b 1 -K 1024 -T 28000 -m 1 -j 5639605 -F 0xFFFFFFFFFFFFFFFF -a 1 -i ./example_asm 3 32 8 320 128 128 
************* All-chip share mode *************
0 : task.taskno 9788
B=128, Ni=320, No=128, Ri=34, Ci=10, Ro=32, Co=8, K=3
Init Data
Costride is 5
ldm comsumption is 55296
Matrix of size 128 X 320
Begin Test Multiple DMA Read
Total Read Time:0.002759000s, bandwidth is :23.753534317 GBps
Begin ASM on accelerator.
set thread affinity to core 0 successful!
set thread affinity to core 12 successful!
set thread affinity to core 8 successful!
set thread affinity to core 4 successful!
Finish conv_p_simd_rc on accelerator. Time: 0.182459000s FLOPS:1324.08880 GFLOPS
Begin conv on cpu. 
Finish conv on cpu. Time: 208.519921000s FLOPS:0.11586 GFLOPS
2 #### check GEMM Cversion VS Correct Cversion.
Wrong at 0, 692.217199999998456, 686.573999999998250
Wrong at 1, 706.612400000000662, 700.830000000001178
Wrong at 2, 721.007600000000821, 715.086000000000695
Wrong at 3, 735.402799999997683, 729.341999999997824
Wrong at 4, 691.067999999998847, 684.257999999998674
Wrong at 5, 705.463200000000143, 698.514000000001829
Wrong at 6, 719.858400000001211, 712.770000000001232
Wrong at 7, 734.253600000001370, 727.026000000000522
Wrong at 8, 689.784799999997631, 681.471999999997934
Wrong at 9, 704.179999999996880, 695.727999999996769
Wrong at 10, 718.575199999997039, 709.983999999996854
Wrong at 11, 732.970399999998335, 724.239999999997508
Wrong at 12, 691.496800000000121, 684.306000000000154
Wrong at 13, 705.891999999999598, 698.562000000000239
Wrong at 14, 720.287200000001235, 712.818000000000666
Wrong at 15, 734.682399999999689, 727.074000000000069
Wrong at 16, 688.746399999999426, 683.670000000000414
Wrong at 17, 703.141600000002541, 697.926000000003114
Wrong at 18, 717.536799999997356, 712.181999999996037
Wrong at 19, 731.932000000000016, 726.438000000000216
Wrong at 20, 691.797199999997702, 685.443999999999278
Wrong at 21, 706.192399999998202, 699.699999999997885
Wrong at 22, 720.587599999997906, 713.955999999997744
Wrong at 23, 734.982799999999088, 728.211999999999080
Wrong at 24, 691.686000000000490, 686.038000000000807
Wrong at 25, 706.081199999998262, 700.293999999998050
Wrong at 26, 720.476399999999103, 714.549999999998136
Wrong at 27, 734.871600000002559, 728.806000000003223
Wrong at 28, 690.496800000000576, 685.451999999999657
Wrong at 29, 704.892000000001417, 699.708000000000879
Wrong at 30, 719.287199999998734, 713.963999999998350
Wrong at 31, 733.682399999996846, 728.219999999996276
Wrong at 32, 691.149599999999623, 684.305999999998903
Wrong at 33, 705.544799999998531, 698.561999999997170
Wrong at 34, 719.940000000000282, 712.818000000001120
Wrong at 35, 734.335200000003510, 727.074000000003025
Wrong at 36, 690.672399999998561, 682.659999999999854
Wrong at 37, 705.067599999999175, 696.915999999999144
Wrong at 38, 719.462800000000698, 711.171999999999457
Wrong at 39, 733.858000000002221, 725.428000000002044
Wrong at 40, 694.427199999999516, 686.633999999999673
Wrong at 41, 708.822399999996833, 700.889999999996803
Wrong at 42, 723.217599999998129, 715.145999999998253
Wrong at 43, 737.612799999998970, 729.401999999999362
Wrong at 44, 694.398000000000366, 687.168000000000120
Wrong at 45, 708.793199999997000, 701.423999999997250
Wrong at 46, 723.188399999998296, 715.679999999998699
Wrong at 47, 737.583600000001752, 729.936000000001741
Wrong at 48, 690.796800000000985, 682.512000000000626
Wrong at 49, 705.192000000002736, 696.768000000001962
Wrong at 50, 719.587200000002326, 711.024000000002957
Wrong at 51, 733.982400000000666, 725.280000000000314
Wrong at 52, 691.807599999997478, 684.245999999996911
Wrong at 53, 706.202799999999684, 698.501999999999612
Wrong at 54, 720.597999999999615, 712.757999999999470
Wrong at 55, 734.993200000001252, 727.014000000001033
Wrong at 56, 691.426399999999376, 684.799999999998818
Wrong at 57, 705.821599999997716, 699.055999999998335
Wrong at 58, 720.216800000001399, 713.312000000001831
Wrong at 59, 734.612000000000080, 727.568000000001007
Wrong at 60, 692.707200000000171, 684.823999999999842
Wrong at 61, 707.102399999998283, 699.079999999998108
Wrong at 62, 721.497599999999807, 713.335999999998307
Wrong at 63, 735.892799999999284, 727.591999999999189
Wrong at 64, 691.718399999999519, 684.317999999999643
sum1 2960019689.954504 sum2 2959900456.929225
[5639605 ## mn276: 16583 ## Sat Oct 15 17:23:36 2016]  job_finished. use-time: 216.563358 (secs)
[5639634 ## mn309: 23485 ## Sat Oct 15 17:26:44 2016]  cnodenum= 1, job-resource-list: 128
[5639634 ## mn309: 23485 ## Sat Oct 15 17:26:44 2016]  mnodenum= 1, mnodelist: mn[200]
[5639634 ## vn000128: 9852 ## Sat Oct 15 17:23:45 2016]  job's first task will run: ./sw3run-all -b 1 -K 1024 -T 28000 -m 1 -j 5639634 -F 0xFFFFFFFFFFFFFFFF -a 1 -i ./example_asm 3 8 8 128 128 128 
************* All-chip share mode *************
0 : task.taskno 9852
B=128, Ni=128, No=128, Ri=10, Ci=10, Ro=8, Co=8, K=3
Init Data
Costride is 17
ldm comsumption is 55296
Matrix of size 128 X 128
Begin Test Multiple DMA Read
Total Read Time:0.001235000s, bandwidth is :21.226236343 GBps
Begin ASM on accelerator.
set thread affinity to core 0 successful!
set thread affinity to core 12 successful!
set thread affinity to core 8 successful!
set thread affinity to core 4 successful!
Finish conv_p_simd_rc on accelerator. Time: 0.208988000s FLOPS:1156.00850 GFLOPS
Begin conv on cpu. 
Finish conv on cpu. Time: 20.743187000s FLOPS:0.11647 GFLOPS
2 #### check GEMM Cversion VS Correct Cversion.
Wrong at 0, 273.210400000000391, 274.900000000000489
Wrong at 1, 278.879200000000026, 280.602399999999818
Wrong at 2, 284.548000000000059, 286.304800000000228
Wrong at 3, 290.216799999999921, 292.007199999999841
Wrong at 4, 272.755599999999845, 274.479599999999778
Wrong at 5, 278.424400000000048, 280.182000000000301
Wrong at 6, 284.093199999999570, 285.884399999999459
Wrong at 7, 289.761999999999716, 291.586799999999812
Wrong at 8, 271.740800000000036, 273.499200000000144
Wrong at 9, 277.409599999999841, 279.201599999999985
Wrong at 10, 283.078399999999874, 284.903999999999883
Wrong at 11, 288.747199999999907, 290.606399999999894
Wrong at 12, 272.219999999999857, 273.758799999999894
Wrong at 13, 277.888799999999605, 279.461199999999621
Wrong at 14, 283.557599999999866, 285.163599999999917
Wrong at 15, 289.226400000000012, 290.865999999999872
Wrong at 16, 274.051200000000279, 275.278400000000374
Wrong at 17, 279.719999999999857, 280.980799999999931
Wrong at 18, 285.388799999999833, 286.683199999999715
Wrong at 19, 291.057600000000093, 292.385600000000011
Wrong at 20, 274.056400000000281, 274.818000000000268
Wrong at 21, 279.725199999999688, 280.520399999999768
Wrong at 22, 285.393999999999608, 286.222799999999722
Wrong at 23, 291.062799999999640, 291.925199999999620
Wrong at 24, 271.601599999999962, 272.897600000000068
Wrong at 25, 277.270400000000109, 278.600000000000136
Wrong at 26, 282.939200000000028, 284.302399999999864
Wrong at 27, 288.608000000000175, 290.004800000000046
Wrong at 28, 270.976800000000082, 272.807199999999966
Wrong at 29, 276.645599999999376, 278.509599999999637
Wrong at 30, 282.314399999999750, 284.211999999999477
Wrong at 31, 287.983200000000238, 289.914400000000001
Wrong at 32, 271.334000000000231, 272.856800000000078
Wrong at 33, 277.002799999999411, 278.559199999999464
Wrong at 34, 282.671600000000296, 284.261600000000385
Wrong at 35, 288.340400000000045, 289.964000000000055
Wrong at 36, 271.367200000000139, 271.866400000000510
Wrong at 37, 277.035999999999774, 277.568799999999840
Wrong at 38, 282.704799999999523, 283.271199999999567
Wrong at 39, 288.373599999999783, 288.973599999999863
Wrong at 40, 271.292399999999930, 272.576000000000022
Wrong at 41, 276.961200000000133, 278.278399999999976
Wrong at 42, 282.629999999999654, 283.980799999999704
Wrong at 43, 288.298800000000085, 289.683200000000113
Wrong at 44, 271.977600000000280, 274.115600000000200
Wrong at 45, 277.646399999999517, 279.817999999999643
Wrong at 46, 283.315200000000118, 285.520400000000336
Wrong at 47, 288.984000000000037, 291.222800000000120
Wrong at 48, 272.772800000000132, 274.155200000000093
Wrong at 49, 278.441599999999482, 279.857599999999707
Wrong at 50, 284.110399999999458, 285.559999999999320
Wrong at 51, 289.779200000000401, 291.262400000000355
Wrong at 52, 270.778000000000134, 272.694799999999930
Wrong at 53, 276.446799999999996, 278.397199999999884
Wrong at 54, 282.115599999999574, 284.099599999999725
Wrong at 55, 287.784400000000289, 289.802000000000419
Wrong at 56, 270.603200000000129, 273.054400000000328
Wrong at 57, 276.272000000000162, 278.756799999999998
Wrong at 58, 281.940800000000195, 284.459200000000067
Wrong at 59, 287.609599999999944, 290.161600000000021
Wrong at 60, 271.148399999999924, 273.133999999999787
Wrong at 61, 276.817199999999616, 278.836399999999969
Wrong at 62, 282.485999999999876, 284.538799999999753
Wrong at 63, 288.154800000000193, 290.241199999999992
Wrong at 64, 270.695600000000013, 272.173600000000022
sum1 295922283.331201 sum2 295930414.931046
[5639634 ## mn309: 23485 ## Sat Oct 15 17:27:10 2016]  job_finished. use-time: 26.266604 (secs)
[5639646 ## mn006: 8924 ## Sat Oct 15 17:29:23 2016]  cnodenum= 1, job-resource-list: 128
[5639646 ## mn006: 8924 ## Sat Oct 15 17:29:23 2016]  mnodenum= 1, mnodelist: mn[27]
[5639646 ## vn000128: 9898 ## Sat Oct 15 17:26:24 2016]  job's first task will run: ./sw3run-all -b 1 -K 1024 -T 28000 -m 1 -j 5639646 -F 0xFFFFFFFFFFFFFFFF -a 1 -i ./example_asm 3 8 8 128 128 128 
************* All-chip share mode *************
0 : task.taskno 9898
B=128, Ni=128, No=128, Ri=10, Ci=10, Ro=8, Co=8, K=3
Init Data
Costride is 17
ldm comsumption is 55296
Matrix of size 128 X 128
Begin Test Multiple DMA Read
Total Read Time:0.001240000s, bandwidth is :21.140645981 GBps
Begin ASM on accelerator.
set thread affinity to core 0 successful!
set thread affinity to core 12 successful!
set thread affinity to core 8 successful!
set thread affinity to core 4 successful!
Finish conv_p_simd_rc on accelerator. Time: 0.212999000s FLOPS:1134.23961 GFLOPS
Begin conv on cpu. 
Finish conv on cpu. Time: 20.742235000s FLOPS:0.11647 GFLOPS
2 #### check GEMM Cversion VS Correct Cversion.
sum1 295930414.931046 sum2 295930414.931046
[5639646 ## mn006: 8924 ## Sat Oct 15 17:29:51 2016]  job_finished. use-time: 27.133754 (secs)
[5640559 ## mn002: 15702 ## Sat Oct 15 20:44:51 2016]  cnodenum= 1, job-resource-list: 186
[5640559 ## mn002: 15702 ## Sat Oct 15 20:44:51 2016]  mnodenum= 1, mnodelist: mn[101]
[5640559 ## vn000186: 2745 ## Sat Oct 15 20:42:18 2016]  job's first task will run: ./sw3run-all -b 1 -K 1024 -T 28000 -m 1 -j 5640559 -F 0xFFFFFFFFFFFFFFFF -a 1 -i ./example_asm 3 8 8 128 128 128 
************* All-chip share mode *************
0 : task.taskno 2745
B=128, Ni=128, No=128, Ri=10, Ci=10, Ro=8, Co=8, K=3
Init Data
Costride is 17
ldm comsumption is 55296
Matrix of size 128 X 128
Begin Test Multiple DMA Read
Total Read Time:0.001185000s, bandwidth is :22.121856689 GBps
Begin ASM on accelerator.
set thread affinity to core 0 successful!
set thread affinity to core 12 successful!
set thread affinity to core 8 successful!
set thread affinity to core 4 successful!
Finish conv_p_simd_rc on accelerator. Time: 0.206808000s FLOPS:1168.19419 GFLOPS
Begin conv on cpu. 
Finish conv on cpu. Time: 20.742474000s FLOPS:0.11647 GFLOPS
2 #### check GEMM Cversion VS Correct Cversion.
sum1 295930414.931046 sum2 295930414.931046
[5640559 ## mn002: 15702 ## Sat Oct 15 20:45:18 2016]  job_finished. use-time: 26.434428 (secs)
[5640567 ## mn011: 19075 ## Sat Oct 15 20:45:51 2016]  cnodenum= 1, job-resource-list: 186
[5640567 ## mn011: 19075 ## Sat Oct 15 20:45:51 2016]  mnodenum= 1, mnodelist: mn[264]
[5640567 ## vn000186: 2755 ## Sat Oct 15 20:43:18 2016]  job's first task will run: ./sw3run-all -b 1 -K 1024 -T 28000 -m 1 -j 5640567 -F 0xFFFFFFFFFFFFFFFF -a 1 -i ./example_asm 3 32 32 128 128 128 
************* All-chip share mode *************
0 : task.taskno 2755
B=128, Ni=128, No=128, Ri=34, Ci=34, Ro=32, Co=32, K=3
Init Data
Costride is 17
ldm comsumption is 55296
Matrix of size 128 X 128
Begin Test Multiple DMA Read
Total Read Time:0.001253000s, bandwidth is :20.921308517 GBps
Begin ASM on accelerator.
set thread affinity to core 0 successful!
set thread affinity to core 12 successful!
set thread affinity to core 8 successful!
set thread affinity to core 4 successful!
Finish conv_p_simd_rc on accelerator. Time: 2.799424000s FLOPS:1380.80922 GFLOPS
Begin conv on cpu. 
[5640567 ## Sat Oct 15 20:50:42 2016] receive request of kill job(Crtl`C).
[5640567 ## Sat Oct 15 20:50:42 2016] receive request of kill job(Crtl`C).
[5640567 ## Sat Oct 15 20:50:43 2016] receive request of kill job(Crtl`C).
[5640567 ## Sat Oct 15 20:50:43 2016] receive request of kill job(Crtl`C).
[5640567 ## Sat Oct 15 20:50:43 2016] receive request of kill job(Crtl`C).
[5640567 ## Sat Oct 15 20:50:43 2016] receive request of kill job(Crtl`C).
[5640567 ## Sat Oct 15 20:50:43 2016] receive request of kill job(Crtl`C).
[5640567 ## Sat Oct 15 20:50:43 2016] receive request of kill job(Crtl`C).
[5640567 ## Sat Oct 15 20:50:43 2016] receive request of kill job(Crtl`C).
[5640567 ## Sat Oct 15 20:50:43 2016] receive request of kill job(Crtl`C).
[5640567 ## Sat Oct 15 20:50:43 2016] receive request of kill job(Crtl`C).
[5640567 ## Sat Oct 15 20:50:43 2016] receive request of kill job(Crtl`C).
[5640567 ## Sat Oct 15 20:50:43 2016] receive request of kill job(Crtl`C).
[5640567 ## Sat Oct 15 20:50:43 2016] receive request of kill job(Crtl`C).
[5640567 ## Sat Oct 15 20:50:43 2016] receive request of kill job(Crtl`C).
[5640567 ## Sat Oct 15 20:50:43 2016] receive request of kill job(Crtl`C).
[5640567 ## Sat Oct 15 20:50:43 2016] receive request of kill job(Crtl`C).
[5640567 ## Sat Oct 15 20:50:43 2016] receive request of kill job(Crtl`C).
[5640567 ## Sat Oct 15 20:50:44 2016] receive request of kill job(Crtl`C).
[5640567 ## Sat Oct 15 20:50:44 2016] receive request of kill job(Crtl`C).
[5640567 ## Sat Oct 15 20:50:44 2016] receive request of kill job(Crtl`C).
[5640567 ## Sat Oct 15 20:50:44 2016] receive request of kill job(Crtl`C).
[5640567 ## Sat Oct 15 20:50:44 2016] receive request of kill job(Crtl`C).
[5640567 ## Sat Oct 15 20:50:44 2016] receive request of kill job(Crtl`C).
[5640567 ## Sat Oct 15 20:50:44 2016] receive request of kill job(Crtl`C).
[5640567 ## Sat Oct 15 20:50:44 2016] receive request of kill job(Crtl`C).
[5640567 ## Sat Oct 15 20:50:44 2016] receive request of kill job(Crtl`C).
[5640567 ## Sat Oct 15 20:50:44 2016] receive request of kill job(Crtl`C).
[5640567 ## Sat Oct 15 20:50:44 2016] receive request of kill job(Crtl`C).
[5640567 ## Sat Oct 15 20:50:44 2016] receive request of kill job(Crtl`C).
[5640567 ## Sat Oct 15 20:50:44 2016] receive request of kill job(Crtl`C).
[5640567 ## Sat Oct 15 20:50:44 2016] receive request of kill job(Crtl`C).
[5640567 ## Sat Oct 15 20:50:44 2016] receive request of kill job(Crtl`C).
[5640567 ## Sat Oct 15 20:50:44 2016] receive request of kill job(Crtl`C).
[5640567 ## Sat Oct 15 20:50:44 2016] receive request of kill job(Crtl`C).
[5640567 ## Sat Oct 15 20:50:44 2016] receive request of kill job(Crtl`C).
[5640567 ## Sat Oct 15 20:50:44 2016] receive request of kill job(Crtl`C).
[5640567 ## Sat Oct 15 20:50:44 2016] receive request of kill job(Crtl`C).
[5640567 ## Sat Oct 15 20:50:44 2016] receive request of kill job(Crtl`C).
[5640567 ## Sat Oct 15 20:50:44 2016] receive request of kill job(Crtl`C).
[5640567 ## Sat Oct 15 20:50:44 2016] receive request of kill job(Crtl`C).
[5640567 ## Sat Oct 15 20:50:44 2016] receive request of kill job(Crtl`C).
[5640567 ## Sat Oct 15 20:50:44 2016] receive request of kill job(Crtl`C).
[5640567 ## Sat Oct 15 20:50:44 2016] receive request of kill job(Crtl`C).
[5640567 ## Sat Oct 15 20:50:45 2016] receive request of kill job(Crtl`C).
[5640567 ## Sat Oct 15 20:50:45 2016] receive request of kill job(Crtl`C).
[5640567 ## Sat Oct 15 20:50:45 2016] receive request of kill job(Crtl`C).
[5640567 ## Sat Oct 15 20:50:45 2016] receive request of kill job(Crtl`C).
[5640567 ## Sat Oct 15 20:50:45 2016] receive request of kill job(Crtl`C).
[5640567 ## Sat Oct 15 20:50:45 2016] receive request of kill job(Crtl`C).
[5640567 ## Sat Oct 15 20:50:45 2016] receive request of kill job(Crtl`C).
[5640567 ## Sat Oct 15 20:50:45 2016] receive request of kill job(Crtl`C).
[5640567 ## Sat Oct 15 20:50:45 2016] receive request of kill job(Crtl`C).
[5640567 ## Sat Oct 15 20:50:45 2016] receive request of kill job(Crtl`C).
[5640567 ## Sat Oct 15 20:50:45 2016] receive request of kill job(Crtl`C).
[5640567 ## Sat Oct 15 20:50:45 2016] receive request of kill job(Crtl`C).
[5640567 ## Sat Oct 15 20:50:45 2016] receive request of kill job(Crtl`C).
[5640567 ## Sat Oct 15 20:50:45 2016] receive request of kill job(Crtl`C).
[5640567 ## Sat Oct 15 20:50:45 2016] receive request of kill job(Crtl`C).
[5640567 ## Sat Oct 15 20:50:45 2016] receive request of kill job(Crtl`C).
[5640567 ## Sat Oct 15 20:50:45 2016] receive request of kill job(Crtl`C).
[5640567 ## Sat Oct 15 20:50:45 2016] receive request of kill job(Crtl`C).
[5640567 ## Sat Oct 15 20:50:45 2016] receive request of kill job(Crtl`C).
[5640567 ## mn011: 19075 ## Sat Oct 15 20:50:45 2016]  job_finished. use-time: 293.514919 (secs)
[5640567 ## Sat Oct 15 20:50:45 2016] receive request of kill job(Crtl`C).
[5640567 ## Sat Oct 15 20:50:45 2016] receive request of kill job(Crtl`C).
[5648625 ## mn168: 9181 ## Mon Oct 17 10:53:40 2016]  cnodenum= 1, job-resource-list: 188
[5648625 ## mn168: 9181 ## Mon Oct 17 10:53:40 2016]  mnodenum= 1, mnodelist: mn[85]
[5648625 ## vn000188: 8445 ## Mon Oct 17 10:51:08 2016]  job's first task will run: ./sw3run-all -b 1 -K 1024 -T 28000 -m 1 -j 5648625 -F 0xFFFFFFFFFFFFFFFF -a 1 -i ./example_asm 3 32 32 128 128 128 
************* All-chip share mode *************
0 : task.taskno 8445
B=128, Ni=128, No=128, Ri=34, Ci=34, Ro=32, Co=32, K=3
Init Data
Costride is 17
ldm comsumption is 55296
Matrix of size 128 X 128
Begin Test Multiple DMA Read
Total Read Time:0.001202000s, bandwidth is :21.808986664 GBps
Begin ASM on accelerator.
set thread affinity to core 0 successful!
set thread affinity to core 12 successful!
set thread affinity to core 8 successful!
set thread affinity to core 4 successful!
Finish conv_p_simd_rc on accelerator. Time: 2.800195000s FLOPS:1380.42903 GFLOPS
[5648625 ## mn168: 9181 ## Mon Oct 17 10:53:52 2016]  job_finished. use-time: 11.431736 (secs)
[5650568 ## mn179: 8052 ## Mon Oct 17 14:07:25 2016]  cnodenum= 1, job-resource-list: 128
[5650568 ## mn179: 8052 ## Mon Oct 17 14:07:25 2016]  mnodenum= 1, mnodelist: mn[302]
[5650568 ## vn000128: 19210 ## Mon Oct 17 14:04:27 2016]  job's first task will run: ./sw3run-all -b 1 -K 1024 -T 28000 -m 1 -j 5650568 -F 0xFFFFFFFFFFFFFFFF -a 1 -i ./example_asm 3 32 32 128 128 256 
************* All-chip share mode *************
0 : task.taskno 19210
B=256, Ni=128, No=128, Ri=34, Ci=34, Ro=32, Co=32, K=3
Init Data
Costride is 6
ldm comsumption is 53248
Matrix of size 256 X 128
Begin Test Multiple DMA Read
Total Read Time:0.002015000s, bandwidth is :26.019256592 GBps
Begin ASM on accelerator.
set thread affinity to core 0 successful!
set thread affinity to core 12 successful!
set thread affinity to core 8 successful!
set thread affinity to core 4 successful!
Finish conv_p_simd_rc on accelerator. Time: 5.716292000s FLOPS:1352.43982 GFLOPS
[5650568 ## mn179: 8052 ## Mon Oct 17 14:07:38 2016]  job_finished. use-time: 12.244575 (secs)
